{"/Users/maksimshafeev/Documents/skillbox/js_advanced/Diploma/JS-ATM/src/index.js": {"path":"/Users/maksimshafeev/Documents/skillbox/js_advanced/Diploma/JS-ATM/src/index.js","statementMap":{"0":{"start":{"line":1,"column":14},"end":{"line":1,"column":30}},"1":{"start":{"line":3,"column":0},"end":{"line":3,"column":19}},"2":{"start":{"line":10,"column":0},"end":{"line":10,"column":14}},"3":{"start":{"line":12,"column":0},"end":{"line":17,"column":4}},"4":{"start":{"line":13,"column":17},"end":{"line":13,"column":40}},"5":{"start":{"line":14,"column":15},"end":{"line":14,"column":44}},"6":{"start":{"line":16,"column":2},"end":{"line":16,"column":33}}},"fnMap":{"0":{"name":"(anonymous_0)","decl":{"start":{"line":12,"column":1},"end":{"line":12,"column":2}},"loc":{"start":{"line":12,"column":12},"end":{"line":17,"column":1}},"line":12}},"branchMap":{},"s":{"0":0,"1":0,"2":0,"3":0,"4":0,"5":0,"6":0},"f":{"0":0},"b":{}}
,"/Users/maksimshafeev/Documents/skillbox/js_advanced/Diploma/JS-ATM/src/js/router.js": {"path":"/Users/maksimshafeev/Documents/skillbox/js_advanced/Diploma/JS-ATM/src/js/router.js","statementMap":{"0":{"start":{"line":8,"column":25},"end":{"line":16,"column":3}}},"fnMap":{},"branchMap":{},"s":{"0":0},"f":{},"b":{}}
,"/Users/maksimshafeev/Documents/skillbox/js_advanced/Diploma/JS-ATM/src/js/store.js": {"path":"/Users/maksimshafeev/Documents/skillbox/js_advanced/Diploma/JS-ATM/src/js/store.js","statementMap":{"0":{"start":{"line":1,"column":27},"end":{"line":1,"column":29}}},"fnMap":{},"branchMap":{},"s":{"0":0},"f":{},"b":{}}
,"/Users/maksimshafeev/Documents/skillbox/js_advanced/Diploma/JS-ATM/src/js/components/card/controller.js": {"path":"/Users/maksimshafeev/Documents/skillbox/js_advanced/Diploma/JS-ATM/src/js/components/card/controller.js","statementMap":{"0":{"start":{"line":3,"column":23},"end":{"line":9,"column":1}},"1":{"start":{"line":4,"column":14},"end":{"line":4,"column":46}},"2":{"start":{"line":5,"column":2},"end":{"line":8,"column":5}},"3":{"start":{"line":6,"column":4},"end":{"line":6,"column":23}},"4":{"start":{"line":7,"column":4},"end":{"line":7,"column":49}}},"fnMap":{"0":{"name":"(anonymous_0)","decl":{"start":{"line":3,"column":23},"end":{"line":3,"column":24}},"loc":{"start":{"line":3,"column":39},"end":{"line":9,"column":1}},"line":3},"1":{"name":"(anonymous_1)","decl":{"start":{"line":5,"column":32},"end":{"line":5,"column":33}},"loc":{"start":{"line":5,"column":39},"end":{"line":8,"column":3}},"line":5}},"branchMap":{},"s":{"0":0,"1":0,"2":0,"3":0,"4":0},"f":{"0":0,"1":0},"b":{}}
,"/Users/maksimshafeev/Documents/skillbox/js_advanced/Diploma/JS-ATM/src/js/components/card/index.js": {"path":"/Users/maksimshafeev/Documents/skillbox/js_advanced/Diploma/JS-ATM/src/js/components/card/index.js","statementMap":{"0":{"start":{"line":5,"column":17},"end":{"line":10,"column":2}},"1":{"start":{"line":5,"column":29},"end":{"line":10,"column":2}}},"fnMap":{"0":{"name":"(anonymous_0)","decl":{"start":{"line":5,"column":17},"end":{"line":5,"column":18}},"loc":{"start":{"line":5,"column":29},"end":{"line":10,"column":2}},"line":5}},"branchMap":{},"s":{"0":0,"1":0},"f":{"0":0},"b":{}}
,"/Users/maksimshafeev/Documents/skillbox/js_advanced/Diploma/JS-ATM/src/js/components/card/template.js": {"path":"/Users/maksimshafeev/Documents/skillbox/js_advanced/Diploma/JS-ATM/src/js/components/card/template.js","statementMap":{"0":{"start":{"line":1,"column":14},"end":{"line":1,"column":30}},"1":{"start":{"line":3,"column":22},"end":{"line":15,"column":1}},"2":{"start":{"line":4,"column":45},"end":{"line":4,"column":48}},"3":{"start":{"line":5,"column":19},"end":{"line":5,"column":91}},"4":{"start":{"line":7,"column":2},"end":{"line":14,"column":12}}},"fnMap":{"0":{"name":"(anonymous_0)","decl":{"start":{"line":3,"column":22},"end":{"line":3,"column":23}},"loc":{"start":{"line":3,"column":31},"end":{"line":15,"column":1}},"line":3}},"branchMap":{},"s":{"0":1,"1":1,"2":1,"3":1,"4":1},"f":{"0":1},"b":{},"_coverageSchema":"1a1c01bbd47fc00a2c39e90264f33305004495a9","hash":"fa20c60bf85570ce973cec581e15346e8c65f90e"}
,"/Users/maksimshafeev/Documents/skillbox/js_advanced/Diploma/JS-ATM/src/js/components/layout/controller.js": {"path":"/Users/maksimshafeev/Documents/skillbox/js_advanced/Diploma/JS-ATM/src/js/components/layout/controller.js","statementMap":{"0":{"start":{"line":5,"column":19},"end":{"line":36,"column":1}},"1":{"start":{"line":6,"column":17},"end":{"line":6,"column":55}},"2":{"start":{"line":8,"column":2},"end":{"line":20,"column":3}},"3":{"start":{"line":9,"column":18},"end":{"line":9,"column":46}},"4":{"start":{"line":11,"column":25},"end":{"line":11,"column":31}},"5":{"start":{"line":13,"column":4},"end":{"line":19,"column":7}},"6":{"start":{"line":14,"column":6},"end":{"line":18,"column":7}},"7":{"start":{"line":15,"column":8},"end":{"line":15,"column":50}},"8":{"start":{"line":17,"column":8},"end":{"line":17,"column":53}},"9":{"start":{"line":22,"column":2},"end":{"line":35,"column":3}},"10":{"start":{"line":23,"column":23},"end":{"line":32,"column":5}},"11":{"start":{"line":24,"column":27},"end":{"line":24,"column":33}},"12":{"start":{"line":25,"column":20},"end":{"line":25,"column":51}},"13":{"start":{"line":27,"column":6},"end":{"line":31,"column":7}},"14":{"start":{"line":28,"column":8},"end":{"line":28,"column":32}},"15":{"start":{"line":29,"column":13},"end":{"line":31,"column":7}},"16":{"start":{"line":30,"column":8},"end":{"line":30,"column":40}},"17":{"start":{"line":33,"column":4},"end":{"line":33,"column":17}},"18":{"start":{"line":34,"column":4},"end":{"line":34,"column":45}}},"fnMap":{"0":{"name":"(anonymous_0)","decl":{"start":{"line":5,"column":19},"end":{"line":5,"column":20}},"loc":{"start":{"line":5,"column":29},"end":{"line":36,"column":1}},"line":5},"1":{"name":"(anonymous_1)","decl":{"start":{"line":13,"column":30},"end":{"line":13,"column":31}},"loc":{"start":{"line":13,"column":40},"end":{"line":19,"column":5}},"line":13},"2":{"name":"(anonymous_2)","decl":{"start":{"line":23,"column":23},"end":{"line":23,"column":24}},"loc":{"start":{"line":23,"column":29},"end":{"line":32,"column":5}},"line":23}},"branchMap":{"0":{"loc":{"start":{"line":8,"column":2},"end":{"line":20,"column":3}},"type":"if","locations":[{"start":{"line":8,"column":2},"end":{"line":20,"column":3}},{"start":{},"end":{}}],"line":8},"1":{"loc":{"start":{"line":14,"column":6},"end":{"line":18,"column":7}},"type":"if","locations":[{"start":{"line":14,"column":6},"end":{"line":18,"column":7}},{"start":{"line":16,"column":13},"end":{"line":18,"column":7}}],"line":14},"2":{"loc":{"start":{"line":22,"column":2},"end":{"line":35,"column":3}},"type":"if","locations":[{"start":{"line":22,"column":2},"end":{"line":35,"column":3}},{"start":{},"end":{}}],"line":22},"3":{"loc":{"start":{"line":27,"column":6},"end":{"line":31,"column":7}},"type":"if","locations":[{"start":{"line":27,"column":6},"end":{"line":31,"column":7}},{"start":{"line":29,"column":13},"end":{"line":31,"column":7}}],"line":27},"4":{"loc":{"start":{"line":29,"column":13},"end":{"line":31,"column":7}},"type":"if","locations":[{"start":{"line":29,"column":13},"end":{"line":31,"column":7}},{"start":{},"end":{}}],"line":29}},"s":{"0":0,"1":0,"2":0,"3":0,"4":0,"5":0,"6":0,"7":0,"8":0,"9":0,"10":0,"11":0,"12":0,"13":0,"14":0,"15":0,"16":0,"17":0,"18":0},"f":{"0":0,"1":0,"2":0},"b":{"0":[0,0],"1":[0,0],"2":[0,0],"3":[0,0],"4":[0,0]}}
,"/Users/maksimshafeev/Documents/skillbox/js_advanced/Diploma/JS-ATM/src/js/components/layout/index.js": {"path":"/Users/maksimshafeev/Documents/skillbox/js_advanced/Diploma/JS-ATM/src/js/components/layout/index.js","statementMap":{"0":{"start":{"line":5,"column":20},"end":{"line":5,"column":57}},"1":{"start":{"line":7,"column":24},"end":{"line":7,"column":88}},"2":{"start":{"line":7,"column":30},"end":{"line":7,"column":88}}},"fnMap":{"0":{"name":"(anonymous_0)","decl":{"start":{"line":7,"column":24},"end":{"line":7,"column":25}},"loc":{"start":{"line":7,"column":30},"end":{"line":7,"column":88}},"line":7}},"branchMap":{},"s":{"0":0,"1":0,"2":0},"f":{"0":0},"b":{}}
,"/Users/maksimshafeev/Documents/skillbox/js_advanced/Diploma/JS-ATM/src/js/components/layout/template.js": {"path":"/Users/maksimshafeev/Documents/skillbox/js_advanced/Diploma/JS-ATM/src/js/components/layout/template.js","statementMap":{"0":{"start":{"line":1,"column":17},"end":{"line":15,"column":26}},"1":{"start":{"line":1,"column":38},"end":{"line":15,"column":26}}},"fnMap":{"0":{"name":"(anonymous_0)","decl":{"start":{"line":1,"column":17},"end":{"line":1,"column":18}},"loc":{"start":{"line":1,"column":38},"end":{"line":15,"column":26}},"line":1}},"branchMap":{"0":{"loc":{"start":{"line":5,"column":10},"end":{"line":12,"column":8}},"type":"cond-expr","locations":[{"start":{"line":6,"column":6},"end":{"line":11,"column":15}},{"start":{"line":12,"column":6},"end":{"line":12,"column":8}}],"line":5}},"s":{"0":1,"1":2},"f":{"0":2},"b":{"0":[1,1]},"_coverageSchema":"1a1c01bbd47fc00a2c39e90264f33305004495a9","hash":"8b081b8f3f7d6a1967b9b8b22ee08af72755d674"}
,"/Users/maksimshafeev/Documents/skillbox/js_advanced/Diploma/JS-ATM/src/js/components/transactionForm/controller.js": {"path":"/Users/maksimshafeev/Documents/skillbox/js_advanced/Diploma/JS-ATM/src/js/components/transactionForm/controller.js","statementMap":{"0":{"start":{"line":11,"column":19},"end":{"line":22,"column":1}},"1":{"start":{"line":12,"column":22},"end":{"line":12,"column":38}},"2":{"start":{"line":13,"column":23},"end":{"line":13,"column":61}},"3":{"start":{"line":14,"column":20},"end":{"line":14,"column":56}},"4":{"start":{"line":15,"column":15},"end":{"line":15,"column":45}},"5":{"start":{"line":16,"column":17},"end":{"line":16,"column":60}},"6":{"start":{"line":18,"column":2},"end":{"line":18,"column":42}},"7":{"start":{"line":19,"column":2},"end":{"line":19,"column":20}},"8":{"start":{"line":20,"column":2},"end":{"line":20,"column":37}},"9":{"start":{"line":21,"column":2},"end":{"line":21,"column":55}},"10":{"start":{"line":24,"column":27},"end":{"line":46,"column":1}},"11":{"start":{"line":25,"column":22},"end":{"line":25,"column":24}},"12":{"start":{"line":26,"column":16},"end":{"line":26,"column":18}},"13":{"start":{"line":27,"column":2},"end":{"line":45,"column":5}},"14":{"start":{"line":28,"column":4},"end":{"line":28,"column":23}},"15":{"start":{"line":29,"column":4},"end":{"line":29,"column":50}},"16":{"start":{"line":29,"column":43},"end":{"line":29,"column":50}},"17":{"start":{"line":30,"column":4},"end":{"line":32,"column":5}},"18":{"start":{"line":31,"column":6},"end":{"line":31,"column":72}},"19":{"start":{"line":33,"column":21},"end":{"line":33,"column":68}},"20":{"start":{"line":34,"column":4},"end":{"line":41,"column":5}},"21":{"start":{"line":35,"column":6},"end":{"line":35,"column":38}},"22":{"start":{"line":36,"column":6},"end":{"line":39,"column":13}},"23":{"start":{"line":37,"column":8},"end":{"line":37,"column":18}},"24":{"start":{"line":38,"column":8},"end":{"line":38,"column":71}},"25":{"start":{"line":40,"column":6},"end":{"line":40,"column":33}},"26":{"start":{"line":41,"column":6},"end":{"line":44,"column":5}},"27":{"start":{"line":42,"column":6},"end":{"line":42,"column":28}},"28":{"start":{"line":43,"column":6},"end":{"line":43,"column":41}},"29":{"start":{"line":48,"column":21},"end":{"line":55,"column":1}},"30":{"start":{"line":49,"column":2},"end":{"line":54,"column":5}},"31":{"start":{"line":50,"column":4},"end":{"line":53,"column":5}},"32":{"start":{"line":51,"column":6},"end":{"line":51,"column":39}},"33":{"start":{"line":52,"column":6},"end":{"line":52,"column":41}},"34":{"start":{"line":57,"column":21},"end":{"line":76,"column":1}},"35":{"start":{"line":58,"column":2},"end":{"line":75,"column":5}},"36":{"start":{"line":59,"column":4},"end":{"line":59,"column":23}},"37":{"start":{"line":60,"column":25},"end":{"line":64,"column":5}},"38":{"start":{"line":66,"column":16},"end":{"line":66,"column":51}},"39":{"start":{"line":67,"column":22},"end":{"line":67,"column":25}},"40":{"start":{"line":68,"column":4},"end":{"line":71,"column":5}},"41":{"start":{"line":69,"column":6},"end":{"line":69,"column":27}},"42":{"start":{"line":70,"column":6},"end":{"line":70,"column":13}},"43":{"start":{"line":72,"column":4},"end":{"line":72,"column":50}},"44":{"start":{"line":74,"column":4},"end":{"line":74,"column":51}}},"fnMap":{"0":{"name":"(anonymous_0)","decl":{"start":{"line":11,"column":19},"end":{"line":11,"column":20}},"loc":{"start":{"line":11,"column":29},"end":{"line":22,"column":1}},"line":11},"1":{"name":"(anonymous_1)","decl":{"start":{"line":24,"column":27},"end":{"line":24,"column":28}},"loc":{"start":{"line":24,"column":46},"end":{"line":46,"column":1}},"line":24},"2":{"name":"(anonymous_2)","decl":{"start":{"line":27,"column":34},"end":{"line":27,"column":35}},"loc":{"start":{"line":27,"column":41},"end":{"line":45,"column":3}},"line":27},"3":{"name":"(anonymous_3)","decl":{"start":{"line":36,"column":32},"end":{"line":36,"column":33}},"loc":{"start":{"line":36,"column":45},"end":{"line":39,"column":7}},"line":36},"4":{"name":"(anonymous_4)","decl":{"start":{"line":48,"column":21},"end":{"line":48,"column":22}},"loc":{"start":{"line":48,"column":40},"end":{"line":55,"column":1}},"line":48},"5":{"name":"(anonymous_5)","decl":{"start":{"line":49,"column":35},"end":{"line":49,"column":36}},"loc":{"start":{"line":49,"column":42},"end":{"line":54,"column":3}},"line":49},"6":{"name":"(anonymous_6)","decl":{"start":{"line":57,"column":21},"end":{"line":57,"column":22}},"loc":{"start":{"line":57,"column":70},"end":{"line":76,"column":1}},"line":57},"7":{"name":"(anonymous_7)","decl":{"start":{"line":58,"column":32},"end":{"line":58,"column":33}},"loc":{"start":{"line":58,"column":45},"end":{"line":75,"column":3}},"line":58}},"branchMap":{"0":{"loc":{"start":{"line":29,"column":4},"end":{"line":29,"column":50}},"type":"if","locations":[{"start":{"line":29,"column":4},"end":{"line":29,"column":50}},{"start":{},"end":{}}],"line":29},"1":{"loc":{"start":{"line":30,"column":4},"end":{"line":32,"column":5}},"type":"if","locations":[{"start":{"line":30,"column":4},"end":{"line":32,"column":5}},{"start":{},"end":{}}],"line":30},"2":{"loc":{"start":{"line":34,"column":4},"end":{"line":41,"column":5}},"type":"if","locations":[{"start":{"line":34,"column":4},"end":{"line":41,"column":5}},{"start":{},"end":{}}],"line":34},"3":{"loc":{"start":{"line":41,"column":6},"end":{"line":44,"column":5}},"type":"if","locations":[{"start":{"line":41,"column":6},"end":{"line":44,"column":5}},{"start":{},"end":{}}],"line":41},"4":{"loc":{"start":{"line":50,"column":4},"end":{"line":53,"column":5}},"type":"if","locations":[{"start":{"line":50,"column":4},"end":{"line":53,"column":5}},{"start":{},"end":{}}],"line":50},"5":{"loc":{"start":{"line":68,"column":4},"end":{"line":71,"column":5}},"type":"if","locations":[{"start":{"line":68,"column":4},"end":{"line":71,"column":5}},{"start":{},"end":{}}],"line":68}},"s":{"0":0,"1":0,"2":0,"3":0,"4":0,"5":0,"6":0,"7":0,"8":0,"9":0,"10":0,"11":0,"12":0,"13":0,"14":0,"15":0,"16":0,"17":0,"18":0,"19":0,"20":0,"21":0,"22":0,"23":0,"24":0,"25":0,"26":0,"27":0,"28":0,"29":0,"30":0,"31":0,"32":0,"33":0,"34":0,"35":0,"36":0,"37":0,"38":0,"39":0,"40":0,"41":0,"42":0,"43":0,"44":0},"f":{"0":0,"1":0,"2":0,"3":0,"4":0,"5":0,"6":0,"7":0},"b":{"0":[0,0],"1":[0,0],"2":[0,0],"3":[0,0],"4":[0,0],"5":[0,0]}}
,"/Users/maksimshafeev/Documents/skillbox/js_advanced/Diploma/JS-ATM/src/js/components/transactionForm/helpers.js": {"path":"/Users/maksimshafeev/Documents/skillbox/js_advanced/Diploma/JS-ATM/src/js/components/transactionForm/helpers.js","statementMap":{"0":{"start":{"line":1,"column":25},"end":{"line":5,"column":1}},"1":{"start":{"line":2,"column":17},"end":{"line":2,"column":45}},"2":{"start":{"line":3,"column":2},"end":{"line":3,"column":60}},"3":{"start":{"line":3,"column":28},"end":{"line":3,"column":58}},"4":{"start":{"line":4,"column":2},"end":{"line":4,"column":59}},"5":{"start":{"line":7,"column":27},"end":{"line":16,"column":1}},"6":{"start":{"line":8,"column":2},"end":{"line":15,"column":5}},"7":{"start":{"line":9,"column":4},"end":{"line":14,"column":5}},"8":{"start":{"line":10,"column":6},"end":{"line":12,"column":9}},"9":{"start":{"line":11,"column":8},"end":{"line":11,"column":42}},"10":{"start":{"line":13,"column":6},"end":{"line":13,"column":60}},"11":{"start":{"line":18,"column":35},"end":{"line":20,"column":1}},"12":{"start":{"line":19,"column":2},"end":{"line":19,"column":59}},"13":{"start":{"line":19,"column":23},"end":{"line":19,"column":58}},"14":{"start":{"line":22,"column":41},"end":{"line":37,"column":1}},"15":{"start":{"line":23,"column":2},"end":{"line":25,"column":3}},"16":{"start":{"line":24,"column":4},"end":{"line":24,"column":11}},"17":{"start":{"line":26,"column":18},"end":{"line":26,"column":50}},"18":{"start":{"line":27,"column":2},"end":{"line":36,"column":3}},"19":{"start":{"line":28,"column":18},"end":{"line":28,"column":37}},"20":{"start":{"line":29,"column":20},"end":{"line":29,"column":54}},"21":{"start":{"line":29,"column":39},"end":{"line":29,"column":53}},"22":{"start":{"line":30,"column":4},"end":{"line":32,"column":5}},"23":{"start":{"line":31,"column":6},"end":{"line":31,"column":13}},"24":{"start":{"line":33,"column":4},"end":{"line":33,"column":74}},"25":{"start":{"line":35,"column":4},"end":{"line":35,"column":71}}},"fnMap":{"0":{"name":"(anonymous_0)","decl":{"start":{"line":1,"column":25},"end":{"line":1,"column":26}},"loc":{"start":{"line":1,"column":40},"end":{"line":5,"column":1}},"line":1},"1":{"name":"(anonymous_1)","decl":{"start":{"line":3,"column":17},"end":{"line":3,"column":18}},"loc":{"start":{"line":3,"column":28},"end":{"line":3,"column":58}},"line":3},"2":{"name":"(anonymous_2)","decl":{"start":{"line":7,"column":27},"end":{"line":7,"column":28}},"loc":{"start":{"line":7,"column":35},"end":{"line":16,"column":1}},"line":7},"3":{"name":"(anonymous_3)","decl":{"start":{"line":8,"column":31},"end":{"line":8,"column":32}},"loc":{"start":{"line":8,"column":38},"end":{"line":15,"column":3}},"line":8},"4":{"name":"(anonymous_4)","decl":{"start":{"line":10,"column":43},"end":{"line":10,"column":44}},"loc":{"start":{"line":10,"column":54},"end":{"line":12,"column":7}},"line":10},"5":{"name":"(anonymous_5)","decl":{"start":{"line":18,"column":35},"end":{"line":18,"column":36}},"loc":{"start":{"line":19,"column":2},"end":{"line":19,"column":59}},"line":19},"6":{"name":"(anonymous_6)","decl":{"start":{"line":19,"column":15},"end":{"line":19,"column":16}},"loc":{"start":{"line":19,"column":23},"end":{"line":19,"column":58}},"line":19},"7":{"name":"(anonymous_7)","decl":{"start":{"line":22,"column":41},"end":{"line":22,"column":42}},"loc":{"start":{"line":22,"column":54},"end":{"line":37,"column":1}},"line":22},"8":{"name":"(anonymous_8)","decl":{"start":{"line":29,"column":31},"end":{"line":29,"column":32}},"loc":{"start":{"line":29,"column":39},"end":{"line":29,"column":53}},"line":29}},"branchMap":{"0":{"loc":{"start":{"line":9,"column":4},"end":{"line":14,"column":5}},"type":"if","locations":[{"start":{"line":9,"column":4},"end":{"line":14,"column":5}},{"start":{},"end":{}}],"line":9},"1":{"loc":{"start":{"line":23,"column":2},"end":{"line":25,"column":3}},"type":"if","locations":[{"start":{"line":23,"column":2},"end":{"line":25,"column":3}},{"start":{},"end":{}}],"line":23},"2":{"loc":{"start":{"line":27,"column":2},"end":{"line":36,"column":3}},"type":"if","locations":[{"start":{"line":27,"column":2},"end":{"line":36,"column":3}},{"start":{"line":34,"column":9},"end":{"line":36,"column":3}}],"line":27},"3":{"loc":{"start":{"line":30,"column":4},"end":{"line":32,"column":5}},"type":"if","locations":[{"start":{"line":30,"column":4},"end":{"line":32,"column":5}},{"start":{},"end":{}}],"line":30}},"s":{"0":2,"1":0,"2":0,"3":0,"4":0,"5":2,"6":0,"7":0,"8":0,"9":0,"10":0,"11":2,"12":3,"13":15,"14":2,"15":4,"16":1,"17":3,"18":3,"19":2,"20":2,"21":3,"22":2,"23":1,"24":1,"25":1},"f":{"0":0,"1":0,"2":0,"3":0,"4":0,"5":3,"6":15,"7":4,"8":3},"b":{"0":[0,0],"1":[1,3],"2":[2,1],"3":[1,1]},"_coverageSchema":"1a1c01bbd47fc00a2c39e90264f33305004495a9","hash":"60658f9f0842c3cd60966018990d9cb12e417cde"}
,"/Users/maksimshafeev/Documents/skillbox/js_advanced/Diploma/JS-ATM/src/js/components/transactionForm/index.js": {"path":"/Users/maksimshafeev/Documents/skillbox/js_advanced/Diploma/JS-ATM/src/js/components/transactionForm/index.js","statementMap":{"0":{"start":{"line":5,"column":13},"end":{"line":5,"column":69}},"1":{"start":{"line":5,"column":19},"end":{"line":5,"column":69}}},"fnMap":{"0":{"name":"(anonymous_0)","decl":{"start":{"line":5,"column":13},"end":{"line":5,"column":14}},"loc":{"start":{"line":5,"column":19},"end":{"line":5,"column":69}},"line":5}},"branchMap":{},"s":{"0":0,"1":0},"f":{"0":0},"b":{}}
,"/Users/maksimshafeev/Documents/skillbox/js_advanced/Diploma/JS-ATM/src/js/components/transactionForm/template.js": {"path":"/Users/maksimshafeev/Documents/skillbox/js_advanced/Diploma/JS-ATM/src/js/components/transactionForm/template.js","statementMap":{"0":{"start":{"line":1,"column":24},"end":{"line":15,"column":10}},"1":{"start":{"line":1,"column":30},"end":{"line":15,"column":10}}},"fnMap":{"0":{"name":"(anonymous_0)","decl":{"start":{"line":1,"column":24},"end":{"line":1,"column":25}},"loc":{"start":{"line":1,"column":30},"end":{"line":15,"column":10}},"line":1}},"branchMap":{},"s":{"0":0,"1":0},"f":{"0":0},"b":{}}
,"/Users/maksimshafeev/Documents/skillbox/js_advanced/Diploma/JS-ATM/src/js/core/api.js": {"path":"/Users/maksimshafeev/Documents/skillbox/js_advanced/Diploma/JS-ATM/src/js/core/api.js","statementMap":{"0":{"start":{"line":1,"column":17},"end":{"line":1,"column":41}},"1":{"start":{"line":3,"column":23},"end":{"line":25,"column":1}},"2":{"start":{"line":4,"column":16},"end":{"line":4,"column":47}},"3":{"start":{"line":6,"column":17},"end":{"line":12,"column":3}},"4":{"start":{"line":14,"column":2},"end":{"line":16,"column":3}},"5":{"start":{"line":15,"column":4},"end":{"line":15,"column":39}},"6":{"start":{"line":18,"column":15},"end":{"line":18,"column":55}},"7":{"start":{"line":20,"column":15},"end":{"line":20,"column":32}},"8":{"start":{"line":21,"column":2},"end":{"line":23,"column":3}},"9":{"start":{"line":22,"column":4},"end":{"line":22,"column":39}},"10":{"start":{"line":24,"column":2},"end":{"line":24,"column":14}},"11":{"start":{"line":27,"column":29},"end":{"line":27,"column":91}},"12":{"start":{"line":27,"column":41},"end":{"line":27,"column":91}}},"fnMap":{"0":{"name":"(anonymous_0)","decl":{"start":{"line":3,"column":23},"end":{"line":3,"column":24}},"loc":{"start":{"line":3,"column":64},"end":{"line":25,"column":1}},"line":3},"1":{"name":"(anonymous_1)","decl":{"start":{"line":27,"column":29},"end":{"line":27,"column":30}},"loc":{"start":{"line":27,"column":41},"end":{"line":27,"column":91}},"line":27}},"branchMap":{"0":{"loc":{"start":{"line":3,"column":32},"end":{"line":3,"column":46}},"type":"default-arg","locations":[{"start":{"line":3,"column":41},"end":{"line":3,"column":46}}],"line":3},"1":{"loc":{"start":{"line":10,"column":21},"end":{"line":10,"column":52}},"type":"cond-expr","locations":[{"start":{"line":10,"column":29},"end":{"line":10,"column":45}},{"start":{"line":10,"column":48},"end":{"line":10,"column":52}}],"line":10},"2":{"loc":{"start":{"line":14,"column":2},"end":{"line":16,"column":3}},"type":"if","locations":[{"start":{"line":14,"column":2},"end":{"line":16,"column":3}},{"start":{},"end":{}}],"line":14},"3":{"loc":{"start":{"line":14,"column":6},"end":{"line":14,"column":55}},"type":"binary-expr","locations":[{"start":{"line":14,"column":6},"end":{"line":14,"column":47}},{"start":{"line":14,"column":51},"end":{"line":14,"column":55}}],"line":14},"4":{"loc":{"start":{"line":21,"column":2},"end":{"line":23,"column":3}},"type":"if","locations":[{"start":{"line":21,"column":2},"end":{"line":23,"column":3}},{"start":{},"end":{}}],"line":21}},"s":{"0":2,"1":2,"2":4,"3":4,"4":4,"5":4,"6":4,"7":4,"8":4,"9":1,"10":4,"11":2,"12":0},"f":{"0":4,"1":0},"b":{"0":[0],"1":[0,4],"2":[4,0],"3":[4,4],"4":[1,3]},"_coverageSchema":"1a1c01bbd47fc00a2c39e90264f33305004495a9","hash":"8d3f8bf75e633181831efbe0d78a6487a5081960"}
,"/Users/maksimshafeev/Documents/skillbox/js_advanced/Diploma/JS-ATM/src/js/core/component.js": {"path":"/Users/maksimshafeev/Documents/skillbox/js_advanced/Diploma/JS-ATM/src/js/core/component.js","statementMap":{"0":{"start":{"line":1,"column":18},"end":{"line":15,"column":1}},"1":{"start":{"line":7,"column":15},"end":{"line":7,"column":29}},"2":{"start":{"line":8,"column":18},"end":{"line":8,"column":54}},"3":{"start":{"line":9,"column":2},"end":{"line":9,"column":27}},"4":{"start":{"line":11,"column":2},"end":{"line":13,"column":3}},"5":{"start":{"line":12,"column":4},"end":{"line":12,"column":30}},"6":{"start":{"line":14,"column":2},"end":{"line":14,"column":17}}},"fnMap":{"0":{"name":"(anonymous_0)","decl":{"start":{"line":1,"column":18},"end":{"line":1,"column":19}},"loc":{"start":{"line":6,"column":6},"end":{"line":15,"column":1}},"line":6}},"branchMap":{"0":{"loc":{"start":{"line":8,"column":41},"end":{"line":8,"column":53}},"type":"binary-expr","locations":[{"start":{"line":8,"column":41},"end":{"line":8,"column":44}},{"start":{"line":8,"column":48},"end":{"line":8,"column":53}}],"line":8},"1":{"loc":{"start":{"line":11,"column":2},"end":{"line":13,"column":3}},"type":"if","locations":[{"start":{"line":11,"column":2},"end":{"line":13,"column":3}},{"start":{},"end":{}}],"line":11}},"s":{"0":0,"1":0,"2":0,"3":0,"4":0,"5":0,"6":0},"f":{"0":0},"b":{"0":[0,0],"1":[0,0]}}
,"/Users/maksimshafeev/Documents/skillbox/js_advanced/Diploma/JS-ATM/src/js/core/index.js": {"path":"/Users/maksimshafeev/Documents/skillbox/js_advanced/Diploma/JS-ATM/src/js/core/index.js","statementMap":{},"fnMap":{},"branchMap":{},"s":{},"f":{},"b":{}}
,"/Users/maksimshafeev/Documents/skillbox/js_advanced/Diploma/JS-ATM/src/js/core/module.js": {"path":"/Users/maksimshafeev/Documents/skillbox/js_advanced/Diploma/JS-ATM/src/js/core/module.js","statementMap":{"0":{"start":{"line":3,"column":15},"end":{"line":34,"column":1}},"1":{"start":{"line":8,"column":6},"end":{"line":34,"column":1}},"2":{"start":{"line":9,"column":2},"end":{"line":11,"column":3}},"3":{"start":{"line":10,"column":4},"end":{"line":10,"column":25}},"4":{"start":{"line":13,"column":2},"end":{"line":15,"column":3}},"5":{"start":{"line":14,"column":4},"end":{"line":14,"column":45}},"6":{"start":{"line":17,"column":2},"end":{"line":20,"column":3}},"7":{"start":{"line":18,"column":4},"end":{"line":18,"column":26}},"8":{"start":{"line":19,"column":4},"end":{"line":19,"column":44}},"9":{"start":{"line":22,"column":2},"end":{"line":24,"column":3}},"10":{"start":{"line":23,"column":4},"end":{"line":23,"column":60}},"11":{"start":{"line":26,"column":15},"end":{"line":26,"column":74}},"12":{"start":{"line":27,"column":2},"end":{"line":29,"column":3}},"13":{"start":{"line":28,"column":4},"end":{"line":28,"column":26}},"14":{"start":{"line":30,"column":15},"end":{"line":30,"column":38}},"15":{"start":{"line":31,"column":2},"end":{"line":31,"column":27}},"16":{"start":{"line":33,"column":2},"end":{"line":33,"column":14}}},"fnMap":{"0":{"name":"(anonymous_0)","decl":{"start":{"line":3,"column":15},"end":{"line":3,"column":16}},"loc":{"start":{"line":8,"column":6},"end":{"line":34,"column":1}},"line":8},"1":{"name":"(anonymous_1)","decl":{"start":{"line":8,"column":6},"end":{"line":8,"column":7}},"loc":{"start":{"line":8,"column":24},"end":{"line":34,"column":1}},"line":8}},"branchMap":{"0":{"loc":{"start":{"line":9,"column":2},"end":{"line":11,"column":3}},"type":"if","locations":[{"start":{"line":9,"column":2},"end":{"line":11,"column":3}},{"start":{},"end":{}}],"line":9},"1":{"loc":{"start":{"line":13,"column":2},"end":{"line":15,"column":3}},"type":"if","locations":[{"start":{"line":13,"column":2},"end":{"line":15,"column":3}},{"start":{},"end":{}}],"line":13},"2":{"loc":{"start":{"line":17,"column":2},"end":{"line":20,"column":3}},"type":"if","locations":[{"start":{"line":17,"column":2},"end":{"line":20,"column":3}},{"start":{},"end":{}}],"line":17},"3":{"loc":{"start":{"line":22,"column":2},"end":{"line":24,"column":3}},"type":"if","locations":[{"start":{"line":22,"column":2},"end":{"line":24,"column":3}},{"start":{},"end":{}}],"line":22},"4":{"loc":{"start":{"line":26,"column":15},"end":{"line":26,"column":74}},"type":"cond-expr","locations":[{"start":{"line":26,"column":47},"end":{"line":26,"column":62}},{"start":{"line":26,"column":65},"end":{"line":26,"column":74}}],"line":26},"5":{"loc":{"start":{"line":27,"column":2},"end":{"line":29,"column":3}},"type":"if","locations":[{"start":{"line":27,"column":2},"end":{"line":29,"column":3}},{"start":{},"end":{}}],"line":27}},"s":{"0":0,"1":0,"2":0,"3":0,"4":0,"5":0,"6":0,"7":0,"8":0,"9":0,"10":0,"11":0,"12":0,"13":0,"14":0,"15":0,"16":0},"f":{"0":0,"1":0},"b":{"0":[0,0],"1":[0,0],"2":[0,0],"3":[0,0],"4":[0,0],"5":[0,0]}}
,"/Users/maksimshafeev/Documents/skillbox/js_advanced/Diploma/JS-ATM/src/js/core/router.js": {"path":"/Users/maksimshafeev/Documents/skillbox/js_advanced/Diploma/JS-ATM/src/js/core/router.js","statementMap":{"0":{"start":{"line":1,"column":15},"end":{"line":21,"column":1}},"1":{"start":{"line":7,"column":19},"end":{"line":7,"column":36}},"2":{"start":{"line":8,"column":25},"end":{"line":8,"column":40}},"3":{"start":{"line":10,"column":4},"end":{"line":10,"column":31}},"4":{"start":{"line":11,"column":4},"end":{"line":11,"column":29}},"5":{"start":{"line":14,"column":4},"end":{"line":14,"column":21}},"6":{"start":{"line":15,"column":4},"end":{"line":15,"column":27}},"7":{"start":{"line":17,"column":25},"end":{"line":17,"column":40}},"8":{"start":{"line":18,"column":4},"end":{"line":18,"column":21}},"9":{"start":{"line":20,"column":22},"end":{"line":20,"column":62}},"10":{"start":{"line":23,"column":0},"end":{"line":46,"column":5}},"11":{"start":{"line":24,"column":22},"end":{"line":24,"column":28}},"12":{"start":{"line":25,"column":38},"end":{"line":25,"column":45}},"13":{"start":{"line":27,"column":2},"end":{"line":32,"column":4}},"14":{"start":{"line":28,"column":4},"end":{"line":28,"column":20}},"15":{"start":{"line":29,"column":4},"end":{"line":29,"column":35}},"16":{"start":{"line":30,"column":4},"end":{"line":30,"column":49}},"17":{"start":{"line":31,"column":4},"end":{"line":31,"column":54}},"18":{"start":{"line":34,"column":2},"end":{"line":39,"column":4}},"19":{"start":{"line":35,"column":4},"end":{"line":35,"column":20}},"20":{"start":{"line":36,"column":4},"end":{"line":36,"column":38}},"21":{"start":{"line":37,"column":4},"end":{"line":37,"column":52}},"22":{"start":{"line":38,"column":4},"end":{"line":38,"column":54}},"23":{"start":{"line":41,"column":2},"end":{"line":45,"column":5}},"24":{"start":{"line":42,"column":39},"end":{"line":42,"column":51}},"25":{"start":{"line":43,"column":4},"end":{"line":43,"column":21}},"26":{"start":{"line":44,"column":4},"end":{"line":44,"column":54}},"27":{"start":{"line":48,"column":15},"end":{"line":93,"column":1}},"28":{"start":{"line":49,"column":2},"end":{"line":49,"column":29}},"29":{"start":{"line":50,"column":20},"end":{"line":50,"column":48}},"30":{"start":{"line":51,"column":22},"end":{"line":51,"column":28}},"31":{"start":{"line":53,"column":2},"end":{"line":92,"column":3}},"32":{"start":{"line":54,"column":4},"end":{"line":91,"column":5}},"33":{"start":{"line":55,"column":53},"end":{"line":55,"column":65}},"34":{"start":{"line":56,"column":27},"end":{"line":56,"column":51}},"35":{"start":{"line":58,"column":25},"end":{"line":58,"column":29}},"36":{"start":{"line":60,"column":6},"end":{"line":80,"column":7}},"37":{"start":{"line":61,"column":8},"end":{"line":61,"column":29}},"38":{"start":{"line":63,"column":8},"end":{"line":79,"column":9}},"39":{"start":{"line":64,"column":10},"end":{"line":78,"column":11}},"40":{"start":{"line":65,"column":26},"end":{"line":65,"column":42}},"41":{"start":{"line":67,"column":33},"end":{"line":67,"column":38}},"42":{"start":{"line":68,"column":12},"end":{"line":72,"column":13}},"43":{"start":{"line":69,"column":32},"end":{"line":69,"column":60}},"44":{"start":{"line":70,"column":14},"end":{"line":70,"column":46}},"45":{"start":{"line":71,"column":14},"end":{"line":71,"column":36}},"46":{"start":{"line":74,"column":12},"end":{"line":77,"column":13}},"47":{"start":{"line":75,"column":14},"end":{"line":75,"column":35}},"48":{"start":{"line":76,"column":14},"end":{"line":76,"column":20}},"49":{"start":{"line":82,"column":6},"end":{"line":90,"column":7}},"50":{"start":{"line":83,"column":8},"end":{"line":87,"column":9}},"51":{"start":{"line":84,"column":10},"end":{"line":84,"column":36}},"52":{"start":{"line":86,"column":10},"end":{"line":86,"column":19}},"53":{"start":{"line":89,"column":8},"end":{"line":89,"column":15}},"54":{"start":{"line":95,"column":24},"end":{"line":105,"column":1}},"55":{"start":{"line":96,"column":21},"end":{"line":96,"column":36}},"56":{"start":{"line":98,"column":17},"end":{"line":98,"column":19}},"57":{"start":{"line":99,"column":20},"end":{"line":99,"column":47}},"58":{"start":{"line":100,"column":2},"end":{"line":102,"column":3}},"59":{"start":{"line":101,"column":4},"end":{"line":101,"column":24}},"60":{"start":{"line":104,"column":2},"end":{"line":104,"column":16}}},"fnMap":{"0":{"name":"(anonymous_0)","decl":{"start":{"line":6,"column":2},"end":{"line":6,"column":3}},"loc":{"start":{"line":6,"column":9},"end":{"line":12,"column":3}},"line":6},"1":{"name":"(anonymous_1)","decl":{"start":{"line":13,"column":2},"end":{"line":13,"column":3}},"loc":{"start":{"line":13,"column":36},"end":{"line":19,"column":3}},"line":13},"2":{"name":"(anonymous_2)","decl":{"start":{"line":20,"column":12},"end":{"line":20,"column":13}},"loc":{"start":{"line":20,"column":22},"end":{"line":20,"column":62}},"line":20},"3":{"name":"(anonymous_3)","decl":{"start":{"line":23,"column":1},"end":{"line":23,"column":2}},"loc":{"start":{"line":23,"column":7},"end":{"line":46,"column":1}},"line":23},"4":{"name":"(anonymous_4)","decl":{"start":{"line":27,"column":22},"end":{"line":27,"column":23}},"loc":{"start":{"line":27,"column":35},"end":{"line":32,"column":3}},"line":27},"5":{"name":"(anonymous_5)","decl":{"start":{"line":34,"column":25},"end":{"line":34,"column":26}},"loc":{"start":{"line":34,"column":38},"end":{"line":39,"column":3}},"line":34},"6":{"name":"(anonymous_6)","decl":{"start":{"line":41,"column":38},"end":{"line":41,"column":39}},"loc":{"start":{"line":41,"column":49},"end":{"line":45,"column":3}},"line":41},"7":{"name":"(anonymous_7)","decl":{"start":{"line":48,"column":15},"end":{"line":48,"column":16}},"loc":{"start":{"line":48,"column":29},"end":{"line":93,"column":1}},"line":48},"8":{"name":"(anonymous_8)","decl":{"start":{"line":95,"column":24},"end":{"line":95,"column":25}},"loc":{"start":{"line":95,"column":30},"end":{"line":105,"column":1}},"line":95}},"branchMap":{"0":{"loc":{"start":{"line":13,"column":18},"end":{"line":13,"column":34}},"type":"default-arg","locations":[{"start":{"line":13,"column":25},"end":{"line":13,"column":34}}],"line":13},"1":{"loc":{"start":{"line":54,"column":4},"end":{"line":91,"column":5}},"type":"if","locations":[{"start":{"line":54,"column":4},"end":{"line":91,"column":5}},{"start":{},"end":{}}],"line":54},"2":{"loc":{"start":{"line":55,"column":28},"end":{"line":55,"column":48}},"type":"default-arg","locations":[{"start":{"line":55,"column":39},"end":{"line":55,"column":48}}],"line":55},"3":{"loc":{"start":{"line":60,"column":6},"end":{"line":80,"column":7}},"type":"if","locations":[{"start":{"line":60,"column":6},"end":{"line":80,"column":7}},{"start":{"line":62,"column":13},"end":{"line":80,"column":7}}],"line":60},"4":{"loc":{"start":{"line":64,"column":10},"end":{"line":78,"column":11}},"type":"if","locations":[{"start":{"line":64,"column":10},"end":{"line":78,"column":11}},{"start":{},"end":{}}],"line":64},"5":{"loc":{"start":{"line":68,"column":12},"end":{"line":72,"column":13}},"type":"if","locations":[{"start":{"line":68,"column":12},"end":{"line":72,"column":13}},{"start":{},"end":{}}],"line":68},"6":{"loc":{"start":{"line":74,"column":12},"end":{"line":77,"column":13}},"type":"if","locations":[{"start":{"line":74,"column":12},"end":{"line":77,"column":13}},{"start":{},"end":{}}],"line":74},"7":{"loc":{"start":{"line":74,"column":16},"end":{"line":74,"column":66}},"type":"binary-expr","locations":[{"start":{"line":74,"column":17},"end":{"line":74,"column":46}},{"start":{"line":74,"column":51},"end":{"line":74,"column":66}}],"line":74},"8":{"loc":{"start":{"line":82,"column":6},"end":{"line":90,"column":7}},"type":"if","locations":[{"start":{"line":82,"column":6},"end":{"line":90,"column":7}},{"start":{},"end":{}}],"line":82},"9":{"loc":{"start":{"line":83,"column":8},"end":{"line":87,"column":9}},"type":"if","locations":[{"start":{"line":83,"column":8},"end":{"line":87,"column":9}},{"start":{"line":85,"column":15},"end":{"line":87,"column":9}}],"line":83}},"s":{"0":0,"1":0,"2":0,"3":0,"4":0,"5":0,"6":0,"7":0,"8":0,"9":0,"10":0,"11":0,"12":0,"13":0,"14":0,"15":0,"16":0,"17":0,"18":0,"19":0,"20":0,"21":0,"22":0,"23":0,"24":0,"25":0,"26":0,"27":0,"28":0,"29":0,"30":0,"31":0,"32":0,"33":0,"34":0,"35":0,"36":0,"37":0,"38":0,"39":0,"40":0,"41":0,"42":0,"43":0,"44":0,"45":0,"46":0,"47":0,"48":0,"49":0,"50":0,"51":0,"52":0,"53":0,"54":0,"55":0,"56":0,"57":0,"58":0,"59":0,"60":0},"f":{"0":0,"1":0,"2":0,"3":0,"4":0,"5":0,"6":0,"7":0,"8":0},"b":{"0":[0],"1":[0,0],"2":[0],"3":[0,0],"4":[0,0],"5":[0,0],"6":[0,0],"7":[0,0],"8":[0,0],"9":[0,0]}}
,"/Users/maksimshafeev/Documents/skillbox/js_advanced/Diploma/JS-ATM/src/js/helpers/date.js": {"path":"/Users/maksimshafeev/Documents/skillbox/js_advanced/Diploma/JS-ATM/src/js/helpers/date.js","statementMap":{"0":{"start":{"line":1,"column":24},"end":{"line":4,"column":1}},"1":{"start":{"line":2,"column":17},"end":{"line":2,"column":101}},"2":{"start":{"line":3,"column":2},"end":{"line":3,"column":39}}},"fnMap":{"0":{"name":"(anonymous_0)","decl":{"start":{"line":1,"column":24},"end":{"line":1,"column":25}},"loc":{"start":{"line":1,"column":33},"end":{"line":4,"column":1}},"line":1}},"branchMap":{},"s":{"0":4,"1":14,"2":14},"f":{"0":14},"b":{},"_coverageSchema":"1a1c01bbd47fc00a2c39e90264f33305004495a9","hash":"6c527c1cfe76f8d4fab9b1c6514db3629662caca"}
,"/Users/maksimshafeev/Documents/skillbox/js_advanced/Diploma/JS-ATM/src/js/helpers/formData.js": {"path":"/Users/maksimshafeev/Documents/skillbox/js_advanced/Diploma/JS-ATM/src/js/helpers/formData.js","statementMap":{"0":{"start":{"line":1,"column":32},"end":{"line":6,"column":8}},"1":{"start":{"line":1,"column":46},"end":{"line":6,"column":8}},"2":{"start":{"line":4,"column":4},"end":{"line":4,"column":27}},"3":{"start":{"line":5,"column":4},"end":{"line":5,"column":15}}},"fnMap":{"0":{"name":"(anonymous_0)","decl":{"start":{"line":1,"column":32},"end":{"line":1,"column":33}},"loc":{"start":{"line":1,"column":46},"end":{"line":6,"column":8}},"line":1},"1":{"name":"(anonymous_1)","decl":{"start":{"line":3,"column":10},"end":{"line":3,"column":11}},"loc":{"start":{"line":3,"column":25},"end":{"line":6,"column":3}},"line":3}},"branchMap":{},"s":{"0":1,"1":1,"2":2,"3":2},"f":{"0":1,"1":2},"b":{},"_coverageSchema":"1a1c01bbd47fc00a2c39e90264f33305004495a9","hash":"0ad6898c8c109b67cdfed115842090ba8944cde9"}
,"/Users/maksimshafeev/Documents/skillbox/js_advanced/Diploma/JS-ATM/src/js/helpers/validation.js": {"path":"/Users/maksimshafeev/Documents/skillbox/js_advanced/Diploma/JS-ATM/src/js/helpers/validation.js","statementMap":{"0":{"start":{"line":1,"column":28},"end":{"line":5,"column":1}},"1":{"start":{"line":2,"column":2},"end":{"line":4,"column":56}},"2":{"start":{"line":4,"column":16},"end":{"line":4,"column":54}},"3":{"start":{"line":7,"column":36},"end":{"line":21,"column":1}},"4":{"start":{"line":8,"column":16},"end":{"line":8,"column":54}},"5":{"start":{"line":9,"column":21},"end":{"line":9,"column":56}},"6":{"start":{"line":10,"column":2},"end":{"line":10,"column":53}},"7":{"start":{"line":10,"column":22},"end":{"line":10,"column":51}},"8":{"start":{"line":11,"column":2},"end":{"line":11,"column":46}},"9":{"start":{"line":12,"column":2},"end":{"line":20,"column":5}},"10":{"start":{"line":13,"column":4},"end":{"line":19,"column":5}},"11":{"start":{"line":14,"column":6},"end":{"line":14,"column":42}},"12":{"start":{"line":16,"column":6},"end":{"line":16,"column":44}},"13":{"start":{"line":17,"column":6},"end":{"line":17,"column":53}},"14":{"start":{"line":18,"column":6},"end":{"line":18,"column":65}}},"fnMap":{"0":{"name":"(anonymous_0)","decl":{"start":{"line":1,"column":28},"end":{"line":1,"column":29}},"loc":{"start":{"line":1,"column":37},"end":{"line":5,"column":1}},"line":1},"1":{"name":"(anonymous_1)","decl":{"start":{"line":4,"column":7},"end":{"line":4,"column":8}},"loc":{"start":{"line":4,"column":16},"end":{"line":4,"column":54}},"line":4},"2":{"name":"(anonymous_2)","decl":{"start":{"line":7,"column":36},"end":{"line":7,"column":37}},"loc":{"start":{"line":7,"column":51},"end":{"line":21,"column":1}},"line":7},"3":{"name":"(anonymous_3)","decl":{"start":{"line":10,"column":16},"end":{"line":10,"column":17}},"loc":{"start":{"line":10,"column":22},"end":{"line":10,"column":51}},"line":10},"4":{"name":"(anonymous_4)","decl":{"start":{"line":12,"column":14},"end":{"line":12,"column":15}},"loc":{"start":{"line":12,"column":34},"end":{"line":20,"column":3}},"line":12}},"branchMap":{"0":{"loc":{"start":{"line":4,"column":16},"end":{"line":4,"column":54}},"type":"binary-expr","locations":[{"start":{"line":4,"column":16},"end":{"line":4,"column":33}},{"start":{"line":4,"column":37},"end":{"line":4,"column":54}}],"line":4},"1":{"loc":{"start":{"line":13,"column":4},"end":{"line":19,"column":5}},"type":"if","locations":[{"start":{"line":13,"column":4},"end":{"line":19,"column":5}},{"start":{"line":15,"column":11},"end":{"line":19,"column":5}}],"line":13}},"s":{"0":1,"1":2,"2":4,"3":1,"4":0,"5":0,"6":0,"7":0,"8":0,"9":0,"10":0,"11":0,"12":0,"13":0,"14":0},"f":{"0":2,"1":4,"2":0,"3":0,"4":0},"b":{"0":[4,3],"1":[0,0]},"_coverageSchema":"1a1c01bbd47fc00a2c39e90264f33305004495a9","hash":"76ea25265fb827c762f1b106146e9c1db90187e6"}
,"/Users/maksimshafeev/Documents/skillbox/js_advanced/Diploma/JS-ATM/src/js/pages/accountHistory/controller.js": {"path":"/Users/maksimshafeev/Documents/skillbox/js_advanced/Diploma/JS-ATM/src/js/pages/accountHistory/controller.js","statementMap":{"0":{"start":{"line":4,"column":19},"end":{"line":9,"column":1}},"1":{"start":{"line":5,"column":22},"end":{"line":5,"column":38}},"2":{"start":{"line":7,"column":18},"end":{"line":7,"column":53}},"3":{"start":{"line":8,"column":2},"end":{"line":8,"column":83}},"4":{"start":{"line":8,"column":42},"end":{"line":8,"column":81}}},"fnMap":{"0":{"name":"(anonymous_0)","decl":{"start":{"line":4,"column":19},"end":{"line":4,"column":20}},"loc":{"start":{"line":4,"column":29},"end":{"line":9,"column":1}},"line":4},"1":{"name":"(anonymous_1)","decl":{"start":{"line":8,"column":36},"end":{"line":8,"column":37}},"loc":{"start":{"line":8,"column":42},"end":{"line":8,"column":81}},"line":8}},"branchMap":{},"s":{"0":0,"1":0,"2":0,"3":0,"4":0},"f":{"0":0,"1":0},"b":{}}
,"/Users/maksimshafeev/Documents/skillbox/js_advanced/Diploma/JS-ATM/src/js/pages/accountHistory/index.js": {"path":"/Users/maksimshafeev/Documents/skillbox/js_advanced/Diploma/JS-ATM/src/js/pages/accountHistory/index.js","statementMap":{"0":{"start":{"line":10,"column":13},"end":{"line":10,"column":67}},"1":{"start":{"line":10,"column":19},"end":{"line":10,"column":67}}},"fnMap":{"0":{"name":"(anonymous_0)","decl":{"start":{"line":10,"column":13},"end":{"line":10,"column":14}},"loc":{"start":{"line":10,"column":19},"end":{"line":10,"column":67}},"line":10}},"branchMap":{},"s":{"0":0,"1":0},"f":{"0":0},"b":{}}
,"/Users/maksimshafeev/Documents/skillbox/js_advanced/Diploma/JS-ATM/src/js/pages/accountHistory/__tests__/history.mock.js": {"path":"/Users/maksimshafeev/Documents/skillbox/js_advanced/Diploma/JS-ATM/src/js/pages/accountHistory/__tests__/history.mock.js","statementMap":{"0":{"start":{"line":1,"column":28},"end":{"line":18,"column":1}}},"fnMap":{},"branchMap":{},"s":{"0":1},"f":{},"b":{},"_coverageSchema":"1a1c01bbd47fc00a2c39e90264f33305004495a9","hash":"2fd783c55ac6cf298664e38883dd5426970da9e7"}
,"/Users/maksimshafeev/Documents/skillbox/js_advanced/Diploma/JS-ATM/src/js/pages/accountHistory/templates/historyPage.js": {"path":"/Users/maksimshafeev/Documents/skillbox/js_advanced/Diploma/JS-ATM/src/js/pages/accountHistory/templates/historyPage.js","statementMap":{"0":{"start":{"line":12,"column":20},"end":{"line":72,"column":1}},"1":{"start":{"line":13,"column":45},"end":{"line":13,"column":61}},"2":{"start":{"line":14,"column":30},"end":{"line":14,"column":69}},"3":{"start":{"line":15,"column":2},"end":{"line":71,"column":10}}},"fnMap":{"0":{"name":"(anonymous_0)","decl":{"start":{"line":12,"column":20},"end":{"line":12,"column":21}},"loc":{"start":{"line":12,"column":26},"end":{"line":72,"column":1}},"line":12}},"branchMap":{},"s":{"0":0,"1":0,"2":0,"3":0},"f":{"0":0},"b":{}}
,"/Users/maksimshafeev/Documents/skillbox/js_advanced/Diploma/JS-ATM/src/js/pages/accountHistory/templates/historySkeletonPage.js": {"path":"/Users/maksimshafeev/Documents/skillbox/js_advanced/Diploma/JS-ATM/src/js/pages/accountHistory/templates/historySkeletonPage.js","statementMap":{"0":{"start":{"line":1,"column":28},"end":{"line":116,"column":1}},"1":{"start":{"line":2,"column":14},"end":{"line":2,"column":43}},"2":{"start":{"line":3,"column":2},"end":{"line":3,"column":47}},"3":{"start":{"line":4,"column":2},"end":{"line":114,"column":16}},"4":{"start":{"line":115,"column":2},"end":{"line":115,"column":13}}},"fnMap":{"0":{"name":"(anonymous_0)","decl":{"start":{"line":1,"column":28},"end":{"line":1,"column":29}},"loc":{"start":{"line":1,"column":34},"end":{"line":116,"column":1}},"line":1}},"branchMap":{},"s":{"0":0,"1":0,"2":0,"3":0,"4":0},"f":{"0":0},"b":{}}
,"/Users/maksimshafeev/Documents/skillbox/js_advanced/Diploma/JS-ATM/src/js/pages/accountHistory/templates/printBarRatio.js": {"path":"/Users/maksimshafeev/Documents/skillbox/js_advanced/Diploma/JS-ATM/src/js/pages/accountHistory/templates/printBarRatio.js","statementMap":{"0":{"start":{"line":1,"column":22},"end":{"line":17,"column":1}},"1":{"start":{"line":2,"column":14},"end":{"line":2,"column":41}},"2":{"start":{"line":3,"column":2},"end":{"line":16,"column":9}},"3":{"start":{"line":4,"column":4},"end":{"line":14,"column":5}},"4":{"start":{"line":5,"column":21},"end":{"line":5,"column":71}},"5":{"start":{"line":6,"column":18},"end":{"line":6,"column":57}},"6":{"start":{"line":7,"column":18},"end":{"line":7,"column":30}},"7":{"start":{"line":8,"column":6},"end":{"line":13,"column":13}},"8":{"start":{"line":15,"column":4},"end":{"line":15,"column":15}},"9":{"start":{"line":19,"column":29},"end":{"line":27,"column":1}},"10":{"start":{"line":20,"column":15},"end":{"line":25,"column":4}},"11":{"start":{"line":21,"column":4},"end":{"line":23,"column":5}},"12":{"start":{"line":22,"column":6},"end":{"line":22,"column":29}},"13":{"start":{"line":24,"column":4},"end":{"line":24,"column":13}},"14":{"start":{"line":26,"column":2},"end":{"line":26,"column":49}}},"fnMap":{"0":{"name":"(anonymous_0)","decl":{"start":{"line":1,"column":22},"end":{"line":1,"column":23}},"loc":{"start":{"line":1,"column":40},"end":{"line":17,"column":1}},"line":1},"1":{"name":"(anonymous_1)","decl":{"start":{"line":3,"column":34},"end":{"line":3,"column":35}},"loc":{"start":{"line":3,"column":54},"end":{"line":16,"column":3}},"line":3},"2":{"name":"(anonymous_2)","decl":{"start":{"line":19,"column":29},"end":{"line":19,"column":30}},"loc":{"start":{"line":19,"column":47},"end":{"line":27,"column":1}},"line":19},"3":{"name":"(anonymous_3)","decl":{"start":{"line":20,"column":32},"end":{"line":20,"column":33}},"loc":{"start":{"line":20,"column":40},"end":{"line":25,"column":3}},"line":20}},"branchMap":{"0":{"loc":{"start":{"line":4,"column":4},"end":{"line":14,"column":5}},"type":"if","locations":[{"start":{"line":4,"column":4},"end":{"line":14,"column":5}},{"start":{},"end":{}}],"line":4},"1":{"loc":{"start":{"line":5,"column":21},"end":{"line":5,"column":71}},"type":"binary-expr","locations":[{"start":{"line":5,"column":21},"end":{"line":5,"column":66}},{"start":{"line":5,"column":70},"end":{"line":5,"column":71}}],"line":5},"2":{"loc":{"start":{"line":6,"column":18},"end":{"line":6,"column":57}},"type":"binary-expr","locations":[{"start":{"line":6,"column":18},"end":{"line":6,"column":52}},{"start":{"line":6,"column":56},"end":{"line":6,"column":57}}],"line":6},"3":{"loc":{"start":{"line":21,"column":4},"end":{"line":23,"column":5}},"type":"if","locations":[{"start":{"line":21,"column":4},"end":{"line":23,"column":5}},{"start":{},"end":{}}],"line":21},"4":{"loc":{"start":{"line":21,"column":8},"end":{"line":21,"column":24}},"type":"binary-expr","locations":[{"start":{"line":21,"column":8},"end":{"line":21,"column":14}},{"start":{"line":21,"column":18},"end":{"line":21,"column":24}}],"line":21}},"s":{"0":1,"1":1,"2":1,"3":2,"4":1,"5":1,"6":1,"7":1,"8":2,"9":1,"10":2,"11":4,"12":2,"13":2,"14":2},"f":{"0":1,"1":2,"2":2,"3":4},"b":{"0":[1,1],"1":[1,0],"2":[1,0],"3":[2,2],"4":[4,2]},"_coverageSchema":"1a1c01bbd47fc00a2c39e90264f33305004495a9","hash":"90b4a84ad6606fcb41018e7698bffbb95f5f21f0"}
,"/Users/maksimshafeev/Documents/skillbox/js_advanced/Diploma/JS-ATM/src/js/pages/accountInfo/api.js": {"path":"/Users/maksimshafeev/Documents/skillbox/js_advanced/Diploma/JS-ATM/src/js/pages/accountInfo/api.js","statementMap":{"0":{"start":{"line":5,"column":28},"end":{"line":10,"column":1}},"1":{"start":{"line":6,"column":17},"end":{"line":6,"column":29}},"2":{"start":{"line":8,"column":22},"end":{"line":8,"column":61}},"3":{"start":{"line":9,"column":2},"end":{"line":9,"column":29}},"4":{"start":{"line":12,"column":31},"end":{"line":12,"column":103}},"5":{"start":{"line":12,"column":47},"end":{"line":12,"column":103}}},"fnMap":{"0":{"name":"(anonymous_0)","decl":{"start":{"line":5,"column":28},"end":{"line":5,"column":29}},"loc":{"start":{"line":5,"column":40},"end":{"line":10,"column":1}},"line":5},"1":{"name":"(anonymous_1)","decl":{"start":{"line":12,"column":31},"end":{"line":12,"column":32}},"loc":{"start":{"line":12,"column":47},"end":{"line":12,"column":103}},"line":12}},"branchMap":{},"s":{"0":0,"1":0,"2":0,"3":0,"4":0,"5":0},"f":{"0":0,"1":0},"b":{}}
,"/Users/maksimshafeev/Documents/skillbox/js_advanced/Diploma/JS-ATM/src/js/pages/accountInfo/controller.js": {"path":"/Users/maksimshafeev/Documents/skillbox/js_advanced/Diploma/JS-ATM/src/js/pages/accountInfo/controller.js","statementMap":{"0":{"start":{"line":6,"column":19},"end":{"line":16,"column":1}},"1":{"start":{"line":7,"column":22},"end":{"line":7,"column":38}},"2":{"start":{"line":8,"column":18},"end":{"line":8,"column":53}},"3":{"start":{"line":9,"column":16},"end":{"line":9,"column":48}},"4":{"start":{"line":10,"column":18},"end":{"line":10,"column":59}},"5":{"start":{"line":12,"column":2},"end":{"line":12,"column":37}},"6":{"start":{"line":14,"column":2},"end":{"line":14,"column":72}},"7":{"start":{"line":14,"column":42},"end":{"line":14,"column":70}},"8":{"start":{"line":15,"column":2},"end":{"line":15,"column":89}},"9":{"start":{"line":15,"column":40},"end":{"line":15,"column":87}}},"fnMap":{"0":{"name":"(anonymous_0)","decl":{"start":{"line":6,"column":19},"end":{"line":6,"column":20}},"loc":{"start":{"line":6,"column":29},"end":{"line":16,"column":1}},"line":6},"1":{"name":"(anonymous_1)","decl":{"start":{"line":14,"column":36},"end":{"line":14,"column":37}},"loc":{"start":{"line":14,"column":42},"end":{"line":14,"column":70}},"line":14},"2":{"name":"(anonymous_2)","decl":{"start":{"line":15,"column":34},"end":{"line":15,"column":35}},"loc":{"start":{"line":15,"column":40},"end":{"line":15,"column":87}},"line":15}},"branchMap":{},"s":{"0":0,"1":0,"2":0,"3":0,"4":0,"5":0,"6":0,"7":0,"8":0,"9":0},"f":{"0":0,"1":0,"2":0},"b":{}}
,"/Users/maksimshafeev/Documents/skillbox/js_advanced/Diploma/JS-ATM/src/js/pages/accountInfo/helpers.js": {"path":"/Users/maksimshafeev/Documents/skillbox/js_advanced/Diploma/JS-ATM/src/js/pages/accountInfo/helpers.js","statementMap":{"0":{"start":{"line":3,"column":14},"end":{"line":3,"column":30}},"1":{"start":{"line":6,"column":2},"end":{"line":6,"column":60}},"2":{"start":{"line":10,"column":2},"end":{"line":10,"column":38}},"3":{"start":{"line":10,"column":23},"end":{"line":10,"column":36}},"4":{"start":{"line":13,"column":33},"end":{"line":28,"column":1}},"5":{"start":{"line":14,"column":45},"end":{"line":14,"column":59}},"6":{"start":{"line":15,"column":27},"end":{"line":15,"column":29}},"7":{"start":{"line":17,"column":2},"end":{"line":26,"column":3}},"8":{"start":{"line":17,"column":15},"end":{"line":17,"column":16}},"9":{"start":{"line":18,"column":17},"end":{"line":18,"column":45}},"10":{"start":{"line":19,"column":22},"end":{"line":19,"column":70}},"11":{"start":{"line":20,"column":4},"end":{"line":20,"column":86}},"12":{"start":{"line":21,"column":4},"end":{"line":25,"column":7}},"13":{"start":{"line":22,"column":6},"end":{"line":24,"column":7}},"14":{"start":{"line":23,"column":8},"end":{"line":23,"column":59}},"15":{"start":{"line":27,"column":2},"end":{"line":27,"column":65}},"16":{"start":{"line":30,"column":28},"end":{"line":63,"column":1}},"17":{"start":{"line":31,"column":28},"end":{"line":31,"column":30}},"18":{"start":{"line":32,"column":20},"end":{"line":32,"column":27}},"19":{"start":{"line":33,"column":2},"end":{"line":60,"column":3}},"20":{"start":{"line":33,"column":15},"end":{"line":33,"column":16}},"21":{"start":{"line":34,"column":4},"end":{"line":34,"column":43}},"22":{"start":{"line":35,"column":20},"end":{"line":35,"column":22}},"23":{"start":{"line":36,"column":14},"end":{"line":36,"column":15}},"24":{"start":{"line":37,"column":14},"end":{"line":37,"column":15}},"25":{"start":{"line":38,"column":4},"end":{"line":41,"column":7}},"26":{"start":{"line":39,"column":19},"end":{"line":39,"column":51}},"27":{"start":{"line":40,"column":6},"end":{"line":40,"column":46}},"28":{"start":{"line":42,"column":4},"end":{"line":48,"column":7}},"29":{"start":{"line":43,"column":6},"end":{"line":47,"column":7}},"30":{"start":{"line":44,"column":8},"end":{"line":44,"column":22}},"31":{"start":{"line":46,"column":8},"end":{"line":46,"column":22}},"32":{"start":{"line":49,"column":4},"end":{"line":49,"column":57}},"33":{"start":{"line":50,"column":4},"end":{"line":59,"column":6}},"34":{"start":{"line":62,"column":2},"end":{"line":62,"column":91}},"35":{"start":{"line":65,"column":24},"end":{"line":67,"column":1}},"36":{"start":{"line":66,"column":2},"end":{"line":66,"column":60}},"37":{"start":{"line":66,"column":48},"end":{"line":66,"column":58}}},"fnMap":{"0":{"name":"numberWithSpaces","decl":{"start":{"line":5,"column":16},"end":{"line":5,"column":32}},"loc":{"start":{"line":5,"column":36},"end":{"line":7,"column":1}},"line":5},"1":{"name":"clearFormInputs","decl":{"start":{"line":9,"column":16},"end":{"line":9,"column":31}},"loc":{"start":{"line":9,"column":41},"end":{"line":11,"column":1}},"line":9},"2":{"name":"(anonymous_2)","decl":{"start":{"line":10,"column":15},"end":{"line":10,"column":16}},"loc":{"start":{"line":10,"column":23},"end":{"line":10,"column":36}},"line":10},"3":{"name":"(anonymous_3)","decl":{"start":{"line":13,"column":33},"end":{"line":13,"column":34}},"loc":{"start":{"line":13,"column":65},"end":{"line":28,"column":1}},"line":13},"4":{"name":"(anonymous_4)","decl":{"start":{"line":21,"column":25},"end":{"line":21,"column":26}},"loc":{"start":{"line":21,"column":42},"end":{"line":25,"column":5}},"line":21},"5":{"name":"(anonymous_5)","decl":{"start":{"line":30,"column":28},"end":{"line":30,"column":29}},"loc":{"start":{"line":30,"column":56},"end":{"line":63,"column":1}},"line":30},"6":{"name":"(anonymous_6)","decl":{"start":{"line":38,"column":38},"end":{"line":38,"column":39}},"loc":{"start":{"line":38,"column":55},"end":{"line":41,"column":5}},"line":38},"7":{"name":"(anonymous_7)","decl":{"start":{"line":42,"column":20},"end":{"line":42,"column":21}},"loc":{"start":{"line":42,"column":32},"end":{"line":48,"column":5}},"line":42},"8":{"name":"(anonymous_8)","decl":{"start":{"line":65,"column":24},"end":{"line":65,"column":25}},"loc":{"start":{"line":66,"column":2},"end":{"line":66,"column":60}},"line":66},"9":{"name":"(anonymous_9)","decl":{"start":{"line":66,"column":40},"end":{"line":66,"column":41}},"loc":{"start":{"line":66,"column":48},"end":{"line":66,"column":58}},"line":66}},"branchMap":{"0":{"loc":{"start":{"line":13,"column":50},"end":{"line":13,"column":60}},"type":"default-arg","locations":[{"start":{"line":13,"column":59},"end":{"line":13,"column":60}}],"line":13},"1":{"loc":{"start":{"line":22,"column":6},"end":{"line":24,"column":7}},"type":"if","locations":[{"start":{"line":22,"column":6},"end":{"line":24,"column":7}},{"start":{},"end":{}}],"line":22},"2":{"loc":{"start":{"line":39,"column":19},"end":{"line":39,"column":51}},"type":"cond-expr","locations":[{"start":{"line":39,"column":45},"end":{"line":39,"column":46}},{"start":{"line":39,"column":49},"end":{"line":39,"column":51}}],"line":39},"3":{"loc":{"start":{"line":43,"column":6},"end":{"line":47,"column":7}},"type":"if","locations":[{"start":{"line":43,"column":6},"end":{"line":47,"column":7}},{"start":{"line":45,"column":13},"end":{"line":47,"column":7}}],"line":43}},"s":{"0":3,"1":2,"2":0,"3":0,"4":3,"5":1,"6":1,"7":1,"8":1,"9":6,"10":6,"11":6,"12":6,"13":408,"14":0,"15":1,"16":3,"17":1,"18":1,"19":1,"20":1,"21":6,"22":6,"23":6,"24":6,"25":6,"26":0,"27":0,"28":6,"29":0,"30":0,"31":0,"32":6,"33":6,"34":1,"35":3,"36":1,"37":3},"f":{"0":2,"1":0,"2":0,"3":1,"4":408,"5":1,"6":0,"7":0,"8":1,"9":3},"b":{"0":[1],"1":[0,408],"2":[0,0],"3":[0,0]},"_coverageSchema":"1a1c01bbd47fc00a2c39e90264f33305004495a9","hash":"043318030ff842f7d19b9b61784215fdd9f7a711"}
,"/Users/maksimshafeev/Documents/skillbox/js_advanced/Diploma/JS-ATM/src/js/pages/accountInfo/index.js": {"path":"/Users/maksimshafeev/Documents/skillbox/js_advanced/Diploma/JS-ATM/src/js/pages/accountInfo/index.js","statementMap":{"0":{"start":{"line":10,"column":13},"end":{"line":10,"column":94}},"1":{"start":{"line":10,"column":28},"end":{"line":10,"column":94}}},"fnMap":{"0":{"name":"(anonymous_0)","decl":{"start":{"line":10,"column":13},"end":{"line":10,"column":14}},"loc":{"start":{"line":10,"column":28},"end":{"line":10,"column":94}},"line":10}},"branchMap":{},"s":{"0":0,"1":0},"f":{"0":0},"b":{}}
,"/Users/maksimshafeev/Documents/skillbox/js_advanced/Diploma/JS-ATM/src/js/pages/accountInfo/__tests__/account.mock.js": {"path":"/Users/maksimshafeev/Documents/skillbox/js_advanced/Diploma/JS-ATM/src/js/pages/accountInfo/__tests__/account.mock.js","statementMap":{},"fnMap":{},"branchMap":{},"s":{},"f":{},"b":{},"_coverageSchema":"1a1c01bbd47fc00a2c39e90264f33305004495a9","hash":"b32292e4b6b8e77909beffbf925d4dc2b9272417"}
,"/Users/maksimshafeev/Documents/skillbox/js_advanced/Diploma/JS-ATM/src/js/pages/accountInfo/templates/accountsInfoPage.js": {"path":"/Users/maksimshafeev/Documents/skillbox/js_advanced/Diploma/JS-ATM/src/js/pages/accountInfo/templates/accountsInfoPage.js","statementMap":{"0":{"start":{"line":13,"column":24},"end":{"line":61,"column":1}},"1":{"start":{"line":14,"column":45},"end":{"line":14,"column":61}},"2":{"start":{"line":15,"column":30},"end":{"line":15,"column":68}},"3":{"start":{"line":16,"column":2},"end":{"line":60,"column":10}}},"fnMap":{"0":{"name":"(anonymous_0)","decl":{"start":{"line":13,"column":24},"end":{"line":13,"column":25}},"loc":{"start":{"line":13,"column":30},"end":{"line":61,"column":1}},"line":13}},"branchMap":{},"s":{"0":0,"1":0,"2":0,"3":0},"f":{"0":0},"b":{}}
,"/Users/maksimshafeev/Documents/skillbox/js_advanced/Diploma/JS-ATM/src/js/pages/accountInfo/templates/accountsInfoSkeleton.js": {"path":"/Users/maksimshafeev/Documents/skillbox/js_advanced/Diploma/JS-ATM/src/js/pages/accountInfo/templates/accountsInfoSkeleton.js","statementMap":{"0":{"start":{"line":1,"column":29},"end":{"line":77,"column":1}},"1":{"start":{"line":2,"column":14},"end":{"line":2,"column":43}},"2":{"start":{"line":3,"column":2},"end":{"line":3,"column":47}},"3":{"start":{"line":4,"column":2},"end":{"line":75,"column":16}},"4":{"start":{"line":76,"column":2},"end":{"line":76,"column":13}}},"fnMap":{"0":{"name":"(anonymous_0)","decl":{"start":{"line":1,"column":29},"end":{"line":1,"column":30}},"loc":{"start":{"line":1,"column":35},"end":{"line":77,"column":1}},"line":1}},"branchMap":{},"s":{"0":0,"1":0,"2":0,"3":0,"4":0},"f":{"0":0},"b":{}}
,"/Users/maksimshafeev/Documents/skillbox/js_advanced/Diploma/JS-ATM/src/js/pages/accountInfo/templates/printBars.js": {"path":"/Users/maksimshafeev/Documents/skillbox/js_advanced/Diploma/JS-ATM/src/js/pages/accountInfo/templates/printBars.js","statementMap":{"0":{"start":{"line":3,"column":18},"end":{"line":9,"column":1}},"1":{"start":{"line":4,"column":14},"end":{"line":4,"column":36}},"2":{"start":{"line":5,"column":2},"end":{"line":8,"column":9}},"3":{"start":{"line":6,"column":4},"end":{"line":6,"column":103}},"4":{"start":{"line":7,"column":4},"end":{"line":7,"column":15}}},"fnMap":{"0":{"name":"(anonymous_0)","decl":{"start":{"line":3,"column":18},"end":{"line":3,"column":19}},"loc":{"start":{"line":3,"column":36},"end":{"line":9,"column":1}},"line":3},"1":{"name":"(anonymous_1)","decl":{"start":{"line":5,"column":34},"end":{"line":5,"column":35}},"loc":{"start":{"line":5,"column":47},"end":{"line":8,"column":3}},"line":5}},"branchMap":{},"s":{"0":0,"1":0,"2":0,"3":0,"4":0},"f":{"0":0,"1":0},"b":{}}
,"/Users/maksimshafeev/Documents/skillbox/js_advanced/Diploma/JS-ATM/src/js/pages/accountInfo/templates/printMonths.js": {"path":"/Users/maksimshafeev/Documents/skillbox/js_advanced/Diploma/JS-ATM/src/js/pages/accountInfo/templates/printMonths.js","statementMap":{"0":{"start":{"line":1,"column":20},"end":{"line":6,"column":6}},"1":{"start":{"line":1,"column":47},"end":{"line":6,"column":6}},"2":{"start":{"line":2,"column":2},"end":{"line":4,"column":3}},"3":{"start":{"line":3,"column":4},"end":{"line":3,"column":63}},"4":{"start":{"line":5,"column":2},"end":{"line":5,"column":13}}},"fnMap":{"0":{"name":"(anonymous_0)","decl":{"start":{"line":1,"column":20},"end":{"line":1,"column":21}},"loc":{"start":{"line":1,"column":47},"end":{"line":6,"column":6}},"line":1},"1":{"name":"(anonymous_1)","decl":{"start":{"line":1,"column":72},"end":{"line":1,"column":73}},"loc":{"start":{"line":1,"column":92},"end":{"line":6,"column":1}},"line":1}},"branchMap":{"0":{"loc":{"start":{"line":1,"column":35},"end":{"line":1,"column":42}},"type":"default-arg","locations":[{"start":{"line":1,"column":41},"end":{"line":1,"column":42}}],"line":1},"1":{"loc":{"start":{"line":2,"column":2},"end":{"line":4,"column":3}},"type":"if","locations":[{"start":{"line":2,"column":2},"end":{"line":4,"column":3}},{"start":{},"end":{}}],"line":2}},"s":{"0":0,"1":0,"2":0,"3":0,"4":0},"f":{"0":0,"1":0},"b":{"0":[0],"1":[0,0]}}
,"/Users/maksimshafeev/Documents/skillbox/js_advanced/Diploma/JS-ATM/src/js/pages/accountInfo/templates/transactionChunk.js": {"path":"/Users/maksimshafeev/Documents/skillbox/js_advanced/Diploma/JS-ATM/src/js/pages/accountInfo/templates/transactionChunk.js","statementMap":{"0":{"start":{"line":3,"column":14},"end":{"line":3,"column":30}},"1":{"start":{"line":5,"column":25},"end":{"line":21,"column":1}},"2":{"start":{"line":11,"column":6},"end":{"line":11,"column":9}},"3":{"start":{"line":12,"column":2},"end":{"line":20,"column":9}}},"fnMap":{"0":{"name":"(anonymous_0)","decl":{"start":{"line":5,"column":25},"end":{"line":5,"column":26}},"loc":{"start":{"line":5,"column":50},"end":{"line":21,"column":1}},"line":5}},"branchMap":{"0":{"loc":{"start":{"line":16,"column":52},"end":{"line":16,"column":131}},"type":"cond-expr","locations":[{"start":{"line":16,"column":78},"end":{"line":16,"column":103}},{"start":{"line":16,"column":106},"end":{"line":16,"column":131}}],"line":16}},"s":{"0":0,"1":0,"2":0,"3":0},"f":{"0":0},"b":{"0":[0,0]}}
,"/Users/maksimshafeev/Documents/skillbox/js_advanced/Diploma/JS-ATM/src/js/pages/accountInfo/templates/transactionHistoryChunk.js": {"path":"/Users/maksimshafeev/Documents/skillbox/js_advanced/Diploma/JS-ATM/src/js/pages/accountInfo/templates/transactionHistoryChunk.js","statementMap":{"0":{"start":{"line":3,"column":14},"end":{"line":3,"column":30}},"1":{"start":{"line":5,"column":29},"end":{"line":21,"column":1}},"2":{"start":{"line":11,"column":6},"end":{"line":11,"column":9}},"3":{"start":{"line":12,"column":2},"end":{"line":20,"column":9}},"4":{"start":{"line":23,"column":32},"end":{"line":29,"column":8}},"5":{"start":{"line":23,"column":59},"end":{"line":29,"column":8}},"6":{"start":{"line":25,"column":18},"end":{"line":25,"column":33}},"7":{"start":{"line":27,"column":4},"end":{"line":27,"column":54}},"8":{"start":{"line":28,"column":4},"end":{"line":28,"column":29}}},"fnMap":{"0":{"name":"(anonymous_0)","decl":{"start":{"line":5,"column":29},"end":{"line":5,"column":30}},"loc":{"start":{"line":5,"column":54},"end":{"line":21,"column":1}},"line":5},"1":{"name":"(anonymous_1)","decl":{"start":{"line":23,"column":32},"end":{"line":23,"column":33}},"loc":{"start":{"line":23,"column":59},"end":{"line":29,"column":8}},"line":23},"2":{"name":"(anonymous_2)","decl":{"start":{"line":25,"column":8},"end":{"line":25,"column":9}},"loc":{"start":{"line":25,"column":18},"end":{"line":25,"column":33}},"line":25},"3":{"name":"(anonymous_3)","decl":{"start":{"line":26,"column":15},"end":{"line":26,"column":16}},"loc":{"start":{"line":26,"column":30},"end":{"line":29,"column":3}},"line":26}},"branchMap":{"0":{"loc":{"start":{"line":16,"column":52},"end":{"line":16,"column":131}},"type":"cond-expr","locations":[{"start":{"line":16,"column":78},"end":{"line":16,"column":103}},{"start":{"line":16,"column":106},"end":{"line":16,"column":131}}],"line":16}},"s":{"0":0,"1":0,"2":0,"3":0,"4":0,"5":0,"6":0,"7":0,"8":0},"f":{"0":0,"1":0,"2":0,"3":0},"b":{"0":[0,0]}}
,"/Users/maksimshafeev/Documents/skillbox/js_advanced/Diploma/JS-ATM/src/js/pages/accounts/api.js": {"path":"/Users/maksimshafeev/Documents/skillbox/js_advanced/Diploma/JS-ATM/src/js/pages/accounts/api.js","statementMap":{"0":{"start":{"line":4,"column":20},"end":{"line":7,"column":1}},"1":{"start":{"line":5,"column":22},"end":{"line":5,"column":56}},"2":{"start":{"line":6,"column":2},"end":{"line":6,"column":29}}},"fnMap":{"0":{"name":"(anonymous_0)","decl":{"start":{"line":4,"column":20},"end":{"line":4,"column":21}},"loc":{"start":{"line":4,"column":32},"end":{"line":7,"column":1}},"line":4}},"branchMap":{},"s":{"0":0,"1":0,"2":0},"f":{"0":0},"b":{}}
,"/Users/maksimshafeev/Documents/skillbox/js_advanced/Diploma/JS-ATM/src/js/pages/accounts/index.js": {"path":"/Users/maksimshafeev/Documents/skillbox/js_advanced/Diploma/JS-ATM/src/js/pages/accounts/index.js","statementMap":{"0":{"start":{"line":9,"column":13},"end":{"line":9,"column":68}},"1":{"start":{"line":9,"column":19},"end":{"line":9,"column":68}}},"fnMap":{"0":{"name":"(anonymous_0)","decl":{"start":{"line":9,"column":13},"end":{"line":9,"column":14}},"loc":{"start":{"line":9,"column":19},"end":{"line":9,"column":68}},"line":9}},"branchMap":{},"s":{"0":0,"1":0},"f":{"0":0},"b":{}}
,"/Users/maksimshafeev/Documents/skillbox/js_advanced/Diploma/JS-ATM/src/js/pages/accounts/controller/index.js": {"path":"/Users/maksimshafeev/Documents/skillbox/js_advanced/Diploma/JS-ATM/src/js/pages/accounts/controller/index.js","statementMap":{"0":{"start":{"line":7,"column":27},"end":{"line":16,"column":1}},"1":{"start":{"line":8,"column":2},"end":{"line":8,"column":22}},"2":{"start":{"line":10,"column":13},"end":{"line":10,"column":54}},"3":{"start":{"line":12,"column":2},"end":{"line":12,"column":90}},"4":{"start":{"line":13,"column":2},"end":{"line":13,"column":85}},"5":{"start":{"line":15,"column":2},"end":{"line":15,"column":64}},"6":{"start":{"line":15,"column":37},"end":{"line":15,"column":62}}},"fnMap":{"0":{"name":"(anonymous_0)","decl":{"start":{"line":7,"column":27},"end":{"line":7,"column":28}},"loc":{"start":{"line":7,"column":43},"end":{"line":16,"column":1}},"line":7},"1":{"name":"(anonymous_1)","decl":{"start":{"line":15,"column":27},"end":{"line":15,"column":28}},"loc":{"start":{"line":15,"column":37},"end":{"line":15,"column":62}},"line":15}},"branchMap":{},"s":{"0":0,"1":0,"2":0,"3":0,"4":0,"5":0,"6":0},"f":{"0":0,"1":0},"b":{}}
,"/Users/maksimshafeev/Documents/skillbox/js_advanced/Diploma/JS-ATM/src/js/pages/accounts/controller/listeners.js": {"path":"/Users/maksimshafeev/Documents/skillbox/js_advanced/Diploma/JS-ATM/src/js/pages/accounts/controller/listeners.js","statementMap":{"0":{"start":{"line":6,"column":34},"end":{"line":9,"column":1}},"1":{"start":{"line":7,"column":2},"end":{"line":7,"column":18}},"2":{"start":{"line":8,"column":2},"end":{"line":8,"column":17}},"3":{"start":{"line":11,"column":35},"end":{"line":19,"column":1}},"4":{"start":{"line":12,"column":15},"end":{"line":12,"column":60}},"5":{"start":{"line":13,"column":17},"end":{"line":13,"column":31}},"6":{"start":{"line":14,"column":19},"end":{"line":14,"column":30}},"7":{"start":{"line":15,"column":2},"end":{"line":15,"column":22}},"8":{"start":{"line":16,"column":2},"end":{"line":18,"column":52}},"9":{"start":{"line":17,"column":20},"end":{"line":17,"column":43}},"10":{"start":{"line":18,"column":23},"end":{"line":18,"column":50}},"11":{"start":{"line":21,"column":18},"end":{"line":28,"column":1}},"12":{"start":{"line":22,"column":2},"end":{"line":26,"column":3}},"13":{"start":{"line":23,"column":18},"end":{"line":23,"column":67}},"14":{"start":{"line":24,"column":18},"end":{"line":24,"column":67}},"15":{"start":{"line":25,"column":4},"end":{"line":25,"column":25}},"16":{"start":{"line":27,"column":2},"end":{"line":27,"column":31}}},"fnMap":{"0":{"name":"(anonymous_0)","decl":{"start":{"line":6,"column":34},"end":{"line":6,"column":35}},"loc":{"start":{"line":6,"column":40},"end":{"line":9,"column":1}},"line":6},"1":{"name":"(anonymous_1)","decl":{"start":{"line":11,"column":35},"end":{"line":11,"column":36}},"loc":{"start":{"line":11,"column":42},"end":{"line":19,"column":1}},"line":11},"2":{"name":"(anonymous_2)","decl":{"start":{"line":17,"column":10},"end":{"line":17,"column":11}},"loc":{"start":{"line":17,"column":20},"end":{"line":17,"column":43}},"line":17},"3":{"name":"(anonymous_3)","decl":{"start":{"line":18,"column":13},"end":{"line":18,"column":14}},"loc":{"start":{"line":18,"column":23},"end":{"line":18,"column":50}},"line":18},"4":{"name":"(anonymous_4)","decl":{"start":{"line":21,"column":18},"end":{"line":21,"column":19}},"loc":{"start":{"line":21,"column":36},"end":{"line":28,"column":1}},"line":21}},"branchMap":{"0":{"loc":{"start":{"line":22,"column":2},"end":{"line":26,"column":3}},"type":"if","locations":[{"start":{"line":22,"column":2},"end":{"line":26,"column":3}},{"start":{},"end":{}}],"line":22}},"s":{"0":0,"1":0,"2":0,"3":0,"4":0,"5":0,"6":0,"7":0,"8":0,"9":0,"10":0,"11":0,"12":0,"13":0,"14":0,"15":0,"16":0},"f":{"0":0,"1":0,"2":0,"3":0,"4":0},"b":{"0":[0,0]}}
,"/Users/maksimshafeev/Documents/skillbox/js_advanced/Diploma/JS-ATM/src/js/pages/accounts/templates/accountSkeletonPage.js": {"path":"/Users/maksimshafeev/Documents/skillbox/js_advanced/Diploma/JS-ATM/src/js/pages/accounts/templates/accountSkeletonPage.js","statementMap":{"0":{"start":{"line":1,"column":24},"end":{"line":56,"column":1}},"1":{"start":{"line":2,"column":14},"end":{"line":2,"column":43}},"2":{"start":{"line":3,"column":2},"end":{"line":54,"column":10}},"3":{"start":{"line":55,"column":2},"end":{"line":55,"column":13}}},"fnMap":{"0":{"name":"(anonymous_0)","decl":{"start":{"line":1,"column":24},"end":{"line":1,"column":25}},"loc":{"start":{"line":1,"column":30},"end":{"line":56,"column":1}},"line":1}},"branchMap":{},"s":{"0":0,"1":0,"2":0,"3":0},"f":{"0":0},"b":{}}
,"/Users/maksimshafeev/Documents/skillbox/js_advanced/Diploma/JS-ATM/src/js/pages/accounts/templates/accountsPage.js": {"path":"/Users/maksimshafeev/Documents/skillbox/js_advanced/Diploma/JS-ATM/src/js/pages/accounts/templates/accountsPage.js","statementMap":{"0":{"start":{"line":1,"column":21},"end":{"line":15,"column":9}},"1":{"start":{"line":1,"column":27},"end":{"line":15,"column":9}}},"fnMap":{"0":{"name":"(anonymous_0)","decl":{"start":{"line":1,"column":21},"end":{"line":1,"column":22}},"loc":{"start":{"line":1,"column":27},"end":{"line":15,"column":9}},"line":1}},"branchMap":{},"s":{"0":0,"1":0},"f":{"0":0},"b":{}}
,"/Users/maksimshafeev/Documents/skillbox/js_advanced/Diploma/JS-ATM/src/js/pages/atm/api.js": {"path":"/Users/maksimshafeev/Documents/skillbox/js_advanced/Diploma/JS-ATM/src/js/pages/atm/api.js","statementMap":{"0":{"start":{"line":7,"column":17},"end":{"line":7,"column":54}},"1":{"start":{"line":7,"column":29},"end":{"line":7,"column":54}},"2":{"start":{"line":9,"column":24},"end":{"line":38,"column":1}},"3":{"start":{"line":10,"column":2},"end":{"line":37,"column":7}},"4":{"start":{"line":11,"column":19},"end":{"line":11,"column":51}},"5":{"start":{"line":12,"column":4},"end":{"line":12,"column":106}},"6":{"start":{"line":13,"column":4},"end":{"line":13,"column":36}},"7":{"start":{"line":14,"column":4},"end":{"line":14,"column":50}},"8":{"start":{"line":15,"column":4},"end":{"line":17,"column":7}},"9":{"start":{"line":16,"column":6},"end":{"line":16,"column":16}},"10":{"start":{"line":19,"column":16},"end":{"line":19,"column":26}},"11":{"start":{"line":21,"column":26},"end":{"line":21,"column":29}},"12":{"start":{"line":22,"column":26},"end":{"line":22,"column":49}},"13":{"start":{"line":23,"column":6},"end":{"line":23,"column":24}},"14":{"start":{"line":25,"column":22},"end":{"line":28,"column":10}},"15":{"start":{"line":29,"column":29},"end":{"line":31,"column":10}},"16":{"start":{"line":32,"column":8},"end":{"line":34,"column":9}},"17":{"start":{"line":32,"column":21},"end":{"line":32,"column":22}},"18":{"start":{"line":33,"column":10},"end":{"line":33,"column":64}},"19":{"start":{"line":35,"column":8},"end":{"line":35,"column":43}},"20":{"start":{"line":39,"column":23},"end":{"line":39,"column":74}},"21":{"start":{"line":39,"column":36},"end":{"line":39,"column":74}},"22":{"start":{"line":39,"column":56},"end":{"line":39,"column":73}}},"fnMap":{"0":{"name":"(anonymous_0)","decl":{"start":{"line":7,"column":17},"end":{"line":7,"column":18}},"loc":{"start":{"line":7,"column":29},"end":{"line":7,"column":54}},"line":7},"1":{"name":"(anonymous_1)","decl":{"start":{"line":9,"column":24},"end":{"line":9,"column":25}},"loc":{"start":{"line":9,"column":30},"end":{"line":38,"column":1}},"line":9},"2":{"name":"(anonymous_2)","decl":{"start":{"line":10,"column":21},"end":{"line":10,"column":22}},"loc":{"start":{"line":10,"column":34},"end":{"line":18,"column":3}},"line":10},"3":{"name":"(anonymous_3)","decl":{"start":{"line":15,"column":36},"end":{"line":15,"column":37}},"loc":{"start":{"line":15,"column":42},"end":{"line":17,"column":5}},"line":15},"4":{"name":"(anonymous_4)","decl":{"start":{"line":19,"column":10},"end":{"line":19,"column":11}},"loc":{"start":{"line":19,"column":16},"end":{"line":19,"column":26}},"line":19},"5":{"name":"(anonymous_5)","decl":{"start":{"line":20,"column":10},"end":{"line":20,"column":11}},"loc":{"start":{"line":20,"column":19},"end":{"line":37,"column":5}},"line":20},"6":{"name":"init","decl":{"start":{"line":24,"column":15},"end":{"line":24,"column":19}},"loc":{"start":{"line":24,"column":22},"end":{"line":36,"column":7}},"line":24},"7":{"name":"(anonymous_7)","decl":{"start":{"line":39,"column":23},"end":{"line":39,"column":24}},"loc":{"start":{"line":39,"column":36},"end":{"line":39,"column":74}},"line":39},"8":{"name":"(anonymous_8)","decl":{"start":{"line":39,"column":48},"end":{"line":39,"column":49}},"loc":{"start":{"line":39,"column":56},"end":{"line":39,"column":73}},"line":39}},"branchMap":{},"s":{"0":0,"1":0,"2":0,"3":0,"4":0,"5":0,"6":0,"7":0,"8":0,"9":0,"10":0,"11":0,"12":0,"13":0,"14":0,"15":0,"16":0,"17":0,"18":0,"19":0,"20":0,"21":0,"22":0},"f":{"0":0,"1":0,"2":0,"3":0,"4":0,"5":0,"6":0,"7":0,"8":0},"b":{}}
,"/Users/maksimshafeev/Documents/skillbox/js_advanced/Diploma/JS-ATM/src/js/pages/atm/atmPage.js": {"path":"/Users/maksimshafeev/Documents/skillbox/js_advanced/Diploma/JS-ATM/src/js/pages/atm/atmPage.js","statementMap":{"0":{"start":{"line":1,"column":16},"end":{"line":5,"column":11}},"1":{"start":{"line":1,"column":22},"end":{"line":5,"column":11}}},"fnMap":{"0":{"name":"(anonymous_0)","decl":{"start":{"line":1,"column":16},"end":{"line":1,"column":17}},"loc":{"start":{"line":1,"column":22},"end":{"line":5,"column":11}},"line":1}},"branchMap":{},"s":{"0":0,"1":0},"f":{"0":0},"b":{}}
,"/Users/maksimshafeev/Documents/skillbox/js_advanced/Diploma/JS-ATM/src/js/pages/atm/controller.js": {"path":"/Users/maksimshafeev/Documents/skillbox/js_advanced/Diploma/JS-ATM/src/js/pages/atm/controller.js","statementMap":{"0":{"start":{"line":3,"column":19},"end":{"line":5,"column":1}},"1":{"start":{"line":4,"column":2},"end":{"line":4,"column":20}}},"fnMap":{"0":{"name":"(anonymous_0)","decl":{"start":{"line":3,"column":19},"end":{"line":3,"column":20}},"loc":{"start":{"line":3,"column":25},"end":{"line":5,"column":1}},"line":3}},"branchMap":{},"s":{"0":0,"1":0},"f":{"0":0},"b":{}}
,"/Users/maksimshafeev/Documents/skillbox/js_advanced/Diploma/JS-ATM/src/js/pages/atm/index.js": {"path":"/Users/maksimshafeev/Documents/skillbox/js_advanced/Diploma/JS-ATM/src/js/pages/atm/index.js","statementMap":{"0":{"start":{"line":6,"column":13},"end":{"line":9,"column":2}},"1":{"start":{"line":6,"column":19},"end":{"line":9,"column":2}}},"fnMap":{"0":{"name":"(anonymous_0)","decl":{"start":{"line":6,"column":13},"end":{"line":6,"column":14}},"loc":{"start":{"line":6,"column":19},"end":{"line":9,"column":2}},"line":6}},"branchMap":{},"s":{"0":0,"1":0},"f":{"0":0},"b":{}}
,"/Users/maksimshafeev/Documents/skillbox/js_advanced/Diploma/JS-ATM/src/js/pages/currency/controller.js": {"path":"/Users/maksimshafeev/Documents/skillbox/js_advanced/Diploma/JS-ATM/src/js/pages/currency/controller.js","statementMap":{"0":{"start":{"line":6,"column":19},"end":{"line":45,"column":1}},"1":{"start":{"line":7,"column":18},"end":{"line":7,"column":58}},"2":{"start":{"line":8,"column":23},"end":{"line":8,"column":60}},"3":{"start":{"line":9,"column":21},"end":{"line":9,"column":56}},"4":{"start":{"line":10,"column":22},"end":{"line":10,"column":58}},"5":{"start":{"line":11,"column":23},"end":{"line":11,"column":65}},"6":{"start":{"line":12,"column":15},"end":{"line":12,"column":52}},"7":{"start":{"line":13,"column":31},"end":{"line":13,"column":69}},"8":{"start":{"line":15,"column":2},"end":{"line":20,"column":7}},"9":{"start":{"line":17,"column":6},"end":{"line":19,"column":9}},"10":{"start":{"line":18,"column":8},"end":{"line":18,"column":31}},"11":{"start":{"line":22,"column":2},"end":{"line":36,"column":5}},"12":{"start":{"line":23,"column":4},"end":{"line":23,"column":23}},"13":{"start":{"line":24,"column":4},"end":{"line":34,"column":5}},"14":{"start":{"line":25,"column":26},"end":{"line":29,"column":8}},"15":{"start":{"line":31,"column":6},"end":{"line":31,"column":64}},"16":{"start":{"line":33,"column":6},"end":{"line":33,"column":32}},"17":{"start":{"line":35,"column":4},"end":{"line":35,"column":27}},"18":{"start":{"line":38,"column":2},"end":{"line":44,"column":5}},"19":{"start":{"line":39,"column":4},"end":{"line":39,"column":63}},"20":{"start":{"line":41,"column":4},"end":{"line":43,"column":5}},"21":{"start":{"line":42,"column":6},"end":{"line":42,"column":91}}},"fnMap":{"0":{"name":"(anonymous_0)","decl":{"start":{"line":6,"column":19},"end":{"line":6,"column":20}},"loc":{"start":{"line":6,"column":29},"end":{"line":45,"column":1}},"line":6},"1":{"name":"(anonymous_1)","decl":{"start":{"line":16,"column":13},"end":{"line":16,"column":14}},"loc":{"start":{"line":16,"column":21},"end":{"line":20,"column":5}},"line":16},"2":{"name":"(anonymous_2)","decl":{"start":{"line":17,"column":35},"end":{"line":17,"column":36}},"loc":{"start":{"line":17,"column":41},"end":{"line":19,"column":7}},"line":17},"3":{"name":"(anonymous_3)","decl":{"start":{"line":22,"column":34},"end":{"line":22,"column":35}},"loc":{"start":{"line":22,"column":47},"end":{"line":36,"column":3}},"line":22},"4":{"name":"(anonymous_4)","decl":{"start":{"line":38,"column":21},"end":{"line":38,"column":22}},"loc":{"start":{"line":38,"column":31},"end":{"line":44,"column":3}},"line":38}},"branchMap":{"0":{"loc":{"start":{"line":41,"column":4},"end":{"line":43,"column":5}},"type":"if","locations":[{"start":{"line":41,"column":4},"end":{"line":43,"column":5}},{"start":{},"end":{}}],"line":41}},"s":{"0":0,"1":0,"2":0,"3":0,"4":0,"5":0,"6":0,"7":0,"8":0,"9":0,"10":0,"11":0,"12":0,"13":0,"14":0,"15":0,"16":0,"17":0,"18":0,"19":0,"20":0,"21":0},"f":{"0":0,"1":0,"2":0,"3":0,"4":0},"b":{"0":[0,0]}}
,"/Users/maksimshafeev/Documents/skillbox/js_advanced/Diploma/JS-ATM/src/js/pages/currency/index.js": {"path":"/Users/maksimshafeev/Documents/skillbox/js_advanced/Diploma/JS-ATM/src/js/pages/currency/index.js","statementMap":{"0":{"start":{"line":9,"column":13},"end":{"line":9,"column":78}},"1":{"start":{"line":9,"column":23},"end":{"line":9,"column":78}}},"fnMap":{"0":{"name":"(anonymous_0)","decl":{"start":{"line":9,"column":13},"end":{"line":9,"column":14}},"loc":{"start":{"line":9,"column":23},"end":{"line":9,"column":78}},"line":9}},"branchMap":{},"s":{"0":0,"1":0},"f":{"0":0},"b":{}}
,"/Users/maksimshafeev/Documents/skillbox/js_advanced/Diploma/JS-ATM/src/js/pages/currency/api/currencyFeedSocket.js": {"path":"/Users/maksimshafeev/Documents/skillbox/js_advanced/Diploma/JS-ATM/src/js/pages/currency/api/currencyFeedSocket.js","statementMap":{"0":{"start":{"line":1,"column":27},"end":{"line":10,"column":1}},"1":{"start":{"line":2,"column":17},"end":{"line":2,"column":67}},"2":{"start":{"line":4,"column":2},"end":{"line":9,"column":4}},"3":{"start":{"line":5,"column":20},"end":{"line":5,"column":27}},"4":{"start":{"line":6,"column":17},"end":{"line":6,"column":36}},"5":{"start":{"line":8,"column":4},"end":{"line":8,"column":20}}},"fnMap":{"0":{"name":"(anonymous_0)","decl":{"start":{"line":1,"column":27},"end":{"line":1,"column":28}},"loc":{"start":{"line":1,"column":42},"end":{"line":10,"column":1}},"line":1},"1":{"name":"(anonymous_1)","decl":{"start":{"line":4,"column":21},"end":{"line":4,"column":22}},"loc":{"start":{"line":4,"column":29},"end":{"line":9,"column":3}},"line":4}},"branchMap":{},"s":{"0":0,"1":0,"2":0,"3":0,"4":0,"5":0},"f":{"0":0,"1":0},"b":{}}
,"/Users/maksimshafeev/Documents/skillbox/js_advanced/Diploma/JS-ATM/src/js/pages/currency/api/getCurrencies.js": {"path":"/Users/maksimshafeev/Documents/skillbox/js_advanced/Diploma/JS-ATM/src/js/pages/currency/api/getCurrencies.js","statementMap":{"0":{"start":{"line":3,"column":25},"end":{"line":3,"column":71}},"1":{"start":{"line":3,"column":37},"end":{"line":3,"column":71}},"2":{"start":{"line":4,"column":28},"end":{"line":4,"column":70}},"3":{"start":{"line":4,"column":40},"end":{"line":4,"column":70}},"4":{"start":{"line":6,"column":22},"end":{"line":13,"column":1}},"5":{"start":{"line":7,"column":70},"end":{"line":10,"column":4}},"6":{"start":{"line":12,"column":2},"end":{"line":12,"column":45}}},"fnMap":{"0":{"name":"(anonymous_0)","decl":{"start":{"line":3,"column":25},"end":{"line":3,"column":26}},"loc":{"start":{"line":3,"column":37},"end":{"line":3,"column":71}},"line":3},"1":{"name":"(anonymous_1)","decl":{"start":{"line":4,"column":28},"end":{"line":4,"column":29}},"loc":{"start":{"line":4,"column":40},"end":{"line":4,"column":70}},"line":4},"2":{"name":"(anonymous_2)","decl":{"start":{"line":6,"column":22},"end":{"line":6,"column":23}},"loc":{"start":{"line":6,"column":34},"end":{"line":13,"column":1}},"line":6}},"branchMap":{},"s":{"0":0,"1":0,"2":0,"3":0,"4":0,"5":0,"6":0},"f":{"0":0,"1":0,"2":0},"b":{}}
,"/Users/maksimshafeev/Documents/skillbox/js_advanced/Diploma/JS-ATM/src/js/pages/currency/api/getCurrencyBuy.js": {"path":"/Users/maksimshafeev/Documents/skillbox/js_advanced/Diploma/JS-ATM/src/js/pages/currency/api/getCurrencyBuy.js","statementMap":{"0":{"start":{"line":3,"column":20},"end":{"line":3,"column":90}},"1":{"start":{"line":3,"column":36},"end":{"line":3,"column":90}},"2":{"start":{"line":5,"column":23},"end":{"line":19,"column":1}},"3":{"start":{"line":6,"column":15},"end":{"line":12,"column":3}},"4":{"start":{"line":13,"column":42},"end":{"line":13,"column":46}},"5":{"start":{"line":15,"column":2},"end":{"line":17,"column":3}},"6":{"start":{"line":16,"column":4},"end":{"line":16,"column":27}},"7":{"start":{"line":18,"column":2},"end":{"line":18,"column":21}}},"fnMap":{"0":{"name":"(anonymous_0)","decl":{"start":{"line":3,"column":20},"end":{"line":3,"column":21}},"loc":{"start":{"line":3,"column":36},"end":{"line":3,"column":90}},"line":3},"1":{"name":"(anonymous_1)","decl":{"start":{"line":5,"column":23},"end":{"line":5,"column":24}},"loc":{"start":{"line":5,"column":52},"end":{"line":19,"column":1}},"line":5}},"branchMap":{"0":{"loc":{"start":{"line":15,"column":2},"end":{"line":17,"column":3}},"type":"if","locations":[{"start":{"line":15,"column":2},"end":{"line":17,"column":3}},{"start":{},"end":{}}],"line":15}},"s":{"0":2,"1":7,"2":2,"3":7,"4":7,"5":7,"6":3,"7":4},"f":{"0":7,"1":7},"b":{"0":[3,4]},"_coverageSchema":"1a1c01bbd47fc00a2c39e90264f33305004495a9","hash":"a148784dd556eb988f0b6b0ec1f253f101686cec"}
,"/Users/maksimshafeev/Documents/skillbox/js_advanced/Diploma/JS-ATM/src/js/pages/currency/templates/clientCurrency.js": {"path":"/Users/maksimshafeev/Documents/skillbox/js_advanced/Diploma/JS-ATM/src/js/pages/currency/templates/clientCurrency.js","statementMap":{"0":{"start":{"line":1,"column":28},"end":{"line":13,"column":1}},"1":{"start":{"line":2,"column":2},"end":{"line":12,"column":10}},"2":{"start":{"line":5,"column":31},"end":{"line":5,"column":33}},"3":{"start":{"line":6,"column":6},"end":{"line":11,"column":15}}},"fnMap":{"0":{"name":"(anonymous_0)","decl":{"start":{"line":1,"column":28},"end":{"line":1,"column":29}},"loc":{"start":{"line":2,"column":2},"end":{"line":12,"column":10}},"line":2},"1":{"name":"(anonymous_1)","decl":{"start":{"line":4,"column":12},"end":{"line":4,"column":13}},"loc":{"start":{"line":4,"column":25},"end":{"line":12,"column":5}},"line":4}},"branchMap":{},"s":{"0":0,"1":0,"2":0,"3":0},"f":{"0":0,"1":0},"b":{}}
,"/Users/maksimshafeev/Documents/skillbox/js_advanced/Diploma/JS-ATM/src/js/pages/currency/templates/currencyOptions.js": {"path":"/Users/maksimshafeev/Documents/skillbox/js_advanced/Diploma/JS-ATM/src/js/pages/currency/templates/currencyOptions.js","statementMap":{"0":{"start":{"line":1,"column":29},"end":{"line":1,"column":98}},"1":{"start":{"line":1,"column":38},"end":{"line":1,"column":98}},"2":{"start":{"line":1,"column":62},"end":{"line":1,"column":93}}},"fnMap":{"0":{"name":"(anonymous_0)","decl":{"start":{"line":1,"column":29},"end":{"line":1,"column":30}},"loc":{"start":{"line":1,"column":38},"end":{"line":1,"column":98}},"line":1},"1":{"name":"(anonymous_1)","decl":{"start":{"line":1,"column":49},"end":{"line":1,"column":50}},"loc":{"start":{"line":1,"column":62},"end":{"line":1,"column":93}},"line":1}},"branchMap":{},"s":{"0":1,"1":1,"2":3},"f":{"0":1,"1":3},"b":{},"_coverageSchema":"1a1c01bbd47fc00a2c39e90264f33305004495a9","hash":"5c7712970020b6f09f030263908b7c23a68a4964"}
,"/Users/maksimshafeev/Documents/skillbox/js_advanced/Diploma/JS-ATM/src/js/pages/currency/templates/currencyPage.js": {"path":"/Users/maksimshafeev/Documents/skillbox/js_advanced/Diploma/JS-ATM/src/js/pages/currency/templates/currencyPage.js","statementMap":{"0":{"start":{"line":4,"column":21},"end":{"line":42,"column":9}},"1":{"start":{"line":4,"column":62},"end":{"line":42,"column":9}}},"fnMap":{"0":{"name":"(anonymous_0)","decl":{"start":{"line":4,"column":21},"end":{"line":4,"column":22}},"loc":{"start":{"line":4,"column":62},"end":{"line":42,"column":9}},"line":4}},"branchMap":{},"s":{"0":0,"1":0},"f":{"0":0},"b":{}}
,"/Users/maksimshafeev/Documents/skillbox/js_advanced/Diploma/JS-ATM/src/js/pages/currency/templates/currencySkeletonPage.js": {"path":"/Users/maksimshafeev/Documents/skillbox/js_advanced/Diploma/JS-ATM/src/js/pages/currency/templates/currencySkeletonPage.js","statementMap":{"0":{"start":{"line":1,"column":29},"end":{"line":140,"column":1}},"1":{"start":{"line":2,"column":14},"end":{"line":2,"column":43}},"2":{"start":{"line":3,"column":2},"end":{"line":3,"column":51}},"3":{"start":{"line":4,"column":2},"end":{"line":138,"column":16}},"4":{"start":{"line":139,"column":2},"end":{"line":139,"column":13}}},"fnMap":{"0":{"name":"(anonymous_0)","decl":{"start":{"line":1,"column":29},"end":{"line":1,"column":30}},"loc":{"start":{"line":1,"column":35},"end":{"line":140,"column":1}},"line":1}},"branchMap":{},"s":{"0":0,"1":0,"2":0,"3":0,"4":0},"f":{"0":0},"b":{}}
,"/Users/maksimshafeev/Documents/skillbox/js_advanced/Diploma/JS-ATM/src/js/pages/currency/templates/realtimeLines.js": {"path":"/Users/maksimshafeev/Documents/skillbox/js_advanced/Diploma/JS-ATM/src/js/pages/currency/templates/realtimeLines.js","statementMap":{"0":{"start":{"line":1,"column":27},"end":{"line":11,"column":1}},"1":{"start":{"line":4,"column":13},"end":{"line":4,"column":41}},"2":{"start":{"line":5,"column":2},"end":{"line":5,"column":38}},"3":{"start":{"line":6,"column":2},"end":{"line":9,"column":121}},"4":{"start":{"line":10,"column":2},"end":{"line":10,"column":12}}},"fnMap":{"0":{"name":"(anonymous_0)","decl":{"start":{"line":1,"column":27},"end":{"line":1,"column":28}},"loc":{"start":{"line":3,"column":6},"end":{"line":11,"column":1}},"line":3}},"branchMap":{"0":{"loc":{"start":{"line":7,"column":48},"end":{"line":7,"column":110}},"type":"cond-expr","locations":[{"start":{"line":7,"column":63},"end":{"line":7,"column":86}},{"start":{"line":7,"column":89},"end":{"line":7,"column":110}}],"line":7},"1":{"loc":{"start":{"line":9,"column":48},"end":{"line":9,"column":110}},"type":"cond-expr","locations":[{"start":{"line":9,"column":63},"end":{"line":9,"column":86}},{"start":{"line":9,"column":89},"end":{"line":9,"column":110}}],"line":9}},"s":{"0":0,"1":0,"2":0,"3":0,"4":0},"f":{"0":0},"b":{"0":[0,0],"1":[0,0]}}
,"/Users/maksimshafeev/Documents/skillbox/js_advanced/Diploma/JS-ATM/src/js/pages/login/api.js": {"path":"/Users/maksimshafeev/Documents/skillbox/js_advanced/Diploma/JS-ATM/src/js/pages/login/api.js","statementMap":{"0":{"start":{"line":3,"column":19},"end":{"line":6,"column":1}},"1":{"start":{"line":4,"column":19},"end":{"line":4,"column":72}},"2":{"start":{"line":5,"column":2},"end":{"line":5,"column":18}}},"fnMap":{"0":{"name":"(anonymous_0)","decl":{"start":{"line":3,"column":19},"end":{"line":3,"column":20}},"loc":{"start":{"line":3,"column":35},"end":{"line":6,"column":1}},"line":3}},"branchMap":{},"s":{"0":0,"1":0,"2":0},"f":{"0":0},"b":{}}
,"/Users/maksimshafeev/Documents/skillbox/js_advanced/Diploma/JS-ATM/src/js/pages/login/index.js": {"path":"/Users/maksimshafeev/Documents/skillbox/js_advanced/Diploma/JS-ATM/src/js/pages/login/index.js","statementMap":{"0":{"start":{"line":8,"column":13},"end":{"line":8,"column":88}},"1":{"start":{"line":8,"column":28},"end":{"line":8,"column":88}}},"fnMap":{"0":{"name":"(anonymous_0)","decl":{"start":{"line":8,"column":13},"end":{"line":8,"column":14}},"loc":{"start":{"line":8,"column":28},"end":{"line":8,"column":88}},"line":8}},"branchMap":{},"s":{"0":0,"1":0},"f":{"0":0},"b":{}}
,"/Users/maksimshafeev/Documents/skillbox/js_advanced/Diploma/JS-ATM/src/js/pages/login/controller/index.js": {"path":"/Users/maksimshafeev/Documents/skillbox/js_advanced/Diploma/JS-ATM/src/js/pages/login/controller/index.js","statementMap":{"0":{"start":{"line":3,"column":19},"end":{"line":8,"column":1}},"1":{"start":{"line":4,"column":15},"end":{"line":4,"column":49}},"2":{"start":{"line":6,"column":2},"end":{"line":6,"column":37}},"3":{"start":{"line":7,"column":2},"end":{"line":7,"column":48}}},"fnMap":{"0":{"name":"(anonymous_0)","decl":{"start":{"line":3,"column":19},"end":{"line":3,"column":20}},"loc":{"start":{"line":3,"column":29},"end":{"line":8,"column":1}},"line":3}},"branchMap":{},"s":{"0":0,"1":0,"2":0,"3":0},"f":{"0":0},"b":{}}
,"/Users/maksimshafeev/Documents/skillbox/js_advanced/Diploma/JS-ATM/src/js/pages/login/controller/listener.js": {"path":"/Users/maksimshafeev/Documents/skillbox/js_advanced/Diploma/JS-ATM/src/js/pages/login/controller/listener.js","statementMap":{"0":{"start":{"line":7,"column":21},"end":{"line":16,"column":1}},"1":{"start":{"line":8,"column":2},"end":{"line":8,"column":21}},"2":{"start":{"line":9,"column":19},"end":{"line":9,"column":59}},"3":{"start":{"line":10,"column":27},"end":{"line":10,"column":49}},"4":{"start":{"line":11,"column":2},"end":{"line":11,"column":51}},"5":{"start":{"line":12,"column":2},"end":{"line":15,"column":3}},"6":{"start":{"line":13,"column":21},"end":{"line":13,"column":47}},"7":{"start":{"line":14,"column":4},"end":{"line":14,"column":28}},"8":{"start":{"line":18,"column":22},"end":{"line":27,"column":1}},"9":{"start":{"line":19,"column":22},"end":{"line":19,"column":25}},"10":{"start":{"line":21,"column":2},"end":{"line":26,"column":3}},"11":{"start":{"line":22,"column":4},"end":{"line":22,"column":51}},"12":{"start":{"line":23,"column":4},"end":{"line":23,"column":39}},"13":{"start":{"line":25,"column":4},"end":{"line":25,"column":15}}},"fnMap":{"0":{"name":"(anonymous_0)","decl":{"start":{"line":7,"column":21},"end":{"line":7,"column":22}},"loc":{"start":{"line":7,"column":34},"end":{"line":16,"column":1}},"line":7},"1":{"name":"(anonymous_1)","decl":{"start":{"line":18,"column":22},"end":{"line":18,"column":23}},"loc":{"start":{"line":18,"column":31},"end":{"line":27,"column":1}},"line":18}},"branchMap":{"0":{"loc":{"start":{"line":12,"column":2},"end":{"line":15,"column":3}},"type":"if","locations":[{"start":{"line":12,"column":2},"end":{"line":15,"column":3}},{"start":{},"end":{}}],"line":12},"1":{"loc":{"start":{"line":21,"column":2},"end":{"line":26,"column":3}},"type":"if","locations":[{"start":{"line":21,"column":2},"end":{"line":26,"column":3}},{"start":{"line":24,"column":9},"end":{"line":26,"column":3}}],"line":21}},"s":{"0":0,"1":0,"2":0,"3":0,"4":0,"5":0,"6":0,"7":0,"8":0,"9":0,"10":0,"11":0,"12":0,"13":0},"f":{"0":0,"1":0},"b":{"0":[0,0],"1":[0,0]}}
,"/Users/maksimshafeev/Documents/skillbox/js_advanced/Diploma/JS-ATM/src/js/pages/login/templates/loginPage.js": {"path":"/Users/maksimshafeev/Documents/skillbox/js_advanced/Diploma/JS-ATM/src/js/pages/login/templates/loginPage.js","statementMap":{"0":{"start":{"line":1,"column":18},"end":{"line":10,"column":8}},"1":{"start":{"line":1,"column":38},"end":{"line":10,"column":8}}},"fnMap":{"0":{"name":"(anonymous_0)","decl":{"start":{"line":1,"column":18},"end":{"line":1,"column":19}},"loc":{"start":{"line":1,"column":38},"end":{"line":10,"column":8}},"line":1}},"branchMap":{"0":{"loc":{"start":{"line":1,"column":19},"end":{"line":1,"column":33}},"type":"default-arg","locations":[{"start":{"line":1,"column":31},"end":{"line":1,"column":33}}],"line":1},"1":{"loc":{"start":{"line":5,"column":17},"end":{"line":5,"column":47}},"type":"cond-expr","locations":[{"start":{"line":5,"column":25},"end":{"line":5,"column":27}},{"start":{"line":5,"column":30},"end":{"line":5,"column":47}}],"line":5},"2":{"loc":{"start":{"line":5,"column":65},"end":{"line":5,"column":109}},"type":"binary-expr","locations":[{"start":{"line":5,"column":65},"end":{"line":5,"column":70}},{"start":{"line":5,"column":74},"end":{"line":5,"column":109}}],"line":5},"3":{"loc":{"start":{"line":6,"column":58},"end":{"line":6,"column":104}},"type":"cond-expr","locations":[{"start":{"line":6,"column":85},"end":{"line":6,"column":94}},{"start":{"line":6,"column":97},"end":{"line":6,"column":104}}],"line":6},"4":{"loc":{"start":{"line":7,"column":65},"end":{"line":7,"column":115}},"type":"cond-expr","locations":[{"start":{"line":7,"column":96},"end":{"line":7,"column":105}},{"start":{"line":7,"column":108},"end":{"line":7,"column":115}}],"line":7}},"s":{"0":1,"1":3},"f":{"0":3},"b":{"0":[0],"1":[2,1],"2":[3,1],"3":[1,2],"4":[0,3]},"_coverageSchema":"1a1c01bbd47fc00a2c39e90264f33305004495a9","hash":"3289b90836fd72a34fe1b8b9eda1992f13ea2536"}
}
